<?xml version="1.0" encoding="UTF-8"?>
<!-- Generated by org.testng.reporters.JUnitXMLReporter -->
<testsuite hostname="MUMW7L214" name="Virtual Catalyst(failed)" tests="1" failures="1" timestamp="16 Dec 2016 14:52:34 GMT" time="20.62" errors="0">
  <testcase name="testBookMarking" time="7.391" classname="com.vc.test.SanityTestCases">
    <failure type="java.lang.AssertionError" message="Next button on Module Overview Page Not Found ">
      <![CDATA[java.lang.AssertionError: Next button on Module Overview Page Not Found 
	at com.vc.utility.WebAppCommon.waitForElementPresentByID(WebAppCommon.java:558)
	at com.vc.utility.WebAppCommon.clickIdentifierByID(WebAppCommon.java:528)
	at com.vc.task.MyQueue.checkBookMark(MyQueue.java:513)
	at com.vc.test.SanityTestCases.testBookMarking(SanityTestCases.java:247)
... Removed 25 stack frames]]>
    </failure>
  </testcase> <!-- testBookMarking -->
</testsuite> <!-- Virtual Catalyst(failed) -->
