<?xml version="1.0" encoding="UTF-8"?>
<!-- Generated by org.testng.reporters.JUnitXMLReporter -->
<testsuite hostname="MUMW7L214" name="SanityCheck" tests="41" failures="15" timestamp="14 Jul 2016 15:27:28 GMT" time="133.713" errors="0">
  <testcase name="@BeforeClass launchApp" time="0.0" classname="com.vc.test.ViewApp">
    <failure type="org.openqa.selenium.WebDriverException" message="unknown error: Chrome failed to start: exited normally
  (Driver info: chromedriver=2.9.248315,platform=Windows NT 6.1 SP1 x86_64) (WARNING: The server did not provide any stacktrace information)
Command duration or timeout: 61.75 seconds
Build info: version: &amp;apos;2.44.0&amp;apos;, revision: &amp;apos;76d78cf&amp;apos;, time: &amp;apos;2014-10-23 20:03:00&amp;apos;
System info: host: &amp;apos;MUMW7L214&amp;apos;, ip: &amp;apos;172.16.20.181&amp;apos;, os.name: &amp;apos;Windows 7&amp;apos;, os.arch: &amp;apos;amd64&amp;apos;, os.version: &amp;apos;6.1&amp;apos;, java.version: &amp;apos;1.8.0_51&amp;apos;
Driver info: org.openqa.selenium.chrome.ChromeDriver">
      <![CDATA[org.openqa.selenium.WebDriverException: unknown error: Chrome failed to start: exited normally
  (Driver info: chromedriver=2.9.248315,platform=Windows NT 6.1 SP1 x86_64) (WARNING: The server did not provide any stacktrace information)
Command duration or timeout: 61.75 seconds
Build info: version: '2.44.0', revision: '76d78cf', time: '2014-10-23 20:03:00'
System info: host: 'MUMW7L214', ip: '172.16.20.181', os.name: 'Windows 7', os.arch: 'amd64', os.version: '6.1', java.version: '1.8.0_51'
Driver info: org.openqa.selenium.chrome.ChromeDriver
	at org.openqa.selenium.remote.ErrorHandler.createThrowable(ErrorHandler.java:204)
	at org.openqa.selenium.remote.ErrorHandler.throwIfResponseFailed(ErrorHandler.java:156)
	at org.openqa.selenium.remote.RemoteWebDriver.execute(RemoteWebDriver.java:599)
	at org.openqa.selenium.remote.RemoteWebDriver.startSession(RemoteWebDriver.java:240)
	at org.openqa.selenium.remote.RemoteWebDriver.<init>(RemoteWebDriver.java:126)
	at org.openqa.selenium.remote.RemoteWebDriver.<init>(RemoteWebDriver.java:139)
	at org.openqa.selenium.chrome.ChromeDriver.<init>(ChromeDriver.java:171)
	at org.openqa.selenium.chrome.ChromeDriver.<init>(ChromeDriver.java:139)
	at com.vc.utility.WebdriverMethods.launchApp(WebdriverMethods.java:79)
... Removed 28 stack frames]]>
    </failure>
  </testcase> <!-- @BeforeClass launchApp -->
  <testcase name="@AfterMethod tearDown" time="0.0" classname="com.vc.test.ViewApp">
    <skipped/>
  </testcase> <!-- @AfterMethod tearDown -->
  <testcase name="@AfterMethod tearDown" time="0.0" classname="com.vc.test.ViewApp">
    <skipped/>
  </testcase> <!-- @AfterMethod tearDown -->
  <testcase name="@AfterMethod tearDown" time="0.0" classname="com.vc.test.ViewApp">
    <skipped/>
  </testcase> <!-- @AfterMethod tearDown -->
  <testcase name="@AfterMethod tearDown" time="0.0" classname="com.vc.test.ViewApp">
    <skipped/>
  </testcase> <!-- @AfterMethod tearDown -->
  <testcase name="@AfterMethod tearDown" time="0.0" classname="com.vc.test.ViewApp">
    <skipped/>
  </testcase> <!-- @AfterMethod tearDown -->
  <testcase name="@AfterMethod tearDown" time="0.0" classname="com.vc.test.ViewApp">
    <skipped/>
  </testcase> <!-- @AfterMethod tearDown -->
  <testcase name="@AfterMethod tearDown" time="0.0" classname="com.vc.test.ViewApp">
    <skipped/>
  </testcase> <!-- @AfterMethod tearDown -->
  <testcase name="@AfterMethod tearDown" time="0.0" classname="com.vc.test.ViewApp">
    <skipped/>
  </testcase> <!-- @AfterMethod tearDown -->
  <testcase name="@AfterMethod tearDown" time="0.0" classname="com.vc.test.ViewApp">
    <skipped/>
  </testcase> <!-- @AfterMethod tearDown -->
  <testcase name="@AfterMethod tearDown" time="0.0" classname="com.vc.test.ViewApp">
    <skipped/>
  </testcase> <!-- @AfterMethod tearDown -->
  <testcase name="@AfterMethod tearDown" time="0.0" classname="com.vc.test.ViewApp">
    <skipped/>
  </testcase> <!-- @AfterMethod tearDown -->
  <testcase name="@AfterMethod tearDown" time="0.0" classname="com.vc.test.ViewApp">
    <skipped/>
  </testcase> <!-- @AfterMethod tearDown -->
  <testcase name="@AfterMethod tearDown" time="0.0" classname="com.vc.test.ViewApp">
    <skipped/>
  </testcase> <!-- @AfterMethod tearDown -->
  <testcase name="@AfterMethod tearDown" time="0.0" classname="com.vc.test.ViewApp">
    <skipped/>
  </testcase> <!-- @AfterMethod tearDown -->
  <testcase name="@AfterMethod tearDown" time="0.0" classname="com.vc.test.ViewApp">
    <skipped/>
  </testcase> <!-- @AfterMethod tearDown -->
  <testcase name="@AfterMethod tearDown" time="0.0" classname="com.vc.test.ViewApp">
    <skipped/>
  </testcase> <!-- @AfterMethod tearDown -->
  <testcase name="@AfterMethod tearDown" time="0.0" classname="com.vc.test.ViewApp">
    <skipped/>
  </testcase> <!-- @AfterMethod tearDown -->
  <testcase name="@AfterMethod tearDown" time="0.0" classname="com.vc.test.ViewApp">
    <skipped/>
  </testcase> <!-- @AfterMethod tearDown -->
  <testcase name="@AfterMethod tearDown" time="0.0" classname="com.vc.test.ViewApp">
    <skipped/>
  </testcase> <!-- @AfterMethod tearDown -->
  <testcase name="@AfterMethod tearDown" time="0.0" classname="com.vc.test.ViewApp">
    <skipped/>
  </testcase> <!-- @AfterMethod tearDown -->
  <testcase name="@AfterMethod tearDown" time="0.0" classname="com.vc.test.ViewApp">
    <skipped/>
  </testcase> <!-- @AfterMethod tearDown -->
  <testcase name="@AfterMethod tearDown" time="0.0" classname="com.vc.test.ViewApp">
    <skipped/>
  </testcase> <!-- @AfterMethod tearDown -->
  <testcase name="@AfterMethod tearDown" time="0.0" classname="com.vc.test.ViewApp">
    <skipped/>
  </testcase> <!-- @AfterMethod tearDown -->
  <testcase name="@AfterMethod tearDown" time="0.0" classname="com.vc.test.ViewApp">
    <skipped/>
  </testcase> <!-- @AfterMethod tearDown -->
  <testcase name="@AfterMethod tearDown" time="0.0" classname="com.vc.test.ViewApp">
    <skipped/>
  </testcase> <!-- @AfterMethod tearDown -->
  <testcase name="@AfterClass endClass" time="0.0" classname="com.vc.test.ViewApp">
    <skipped/>
  </testcase> <!-- @AfterClass endClass -->
  <testcase name="verifyHeader" time="20.568" classname="com.vc.test.MyQueueTest">
    <failure type="java.lang.AssertionError" message="My Queue Header Not Found ">
      <![CDATA[java.lang.AssertionError: My Queue Header Not Found 
	at com.vc.utility.WebdriverMethods.waitForElementPresentByXpath(WebdriverMethods.java:611)
	at com.vc.task.MyQueue.checkMyQueueHeader(MyQueue.java:37)
	at com.vc.test.MyQueueTest.verifyHeader(MyQueueTest.java:20)
... Removed 25 stack frames]]>
    </failure>
  </testcase> <!-- verifyHeader -->
  <testcase name="verifyToggleBtn" time="2.02" classname="com.vc.test.MyQueueTest">
    <failure type="java.lang.AssertionError" message="Toggle Btn Not Found ">
      <![CDATA[java.lang.AssertionError: Toggle Btn Not Found 
	at com.vc.utility.WebdriverMethods.waitForElementPresentByXpath(WebdriverMethods.java:611)
	at com.vc.task.MyQueue.checkToggleBtn(MyQueue.java:47)
	at com.vc.test.MyQueueTest.verifyToggleBtn(MyQueueTest.java:29)
... Removed 25 stack frames]]>
    </failure>
  </testcase> <!-- verifyToggleBtn -->
  <testcase name="verifySearchFilter" time="2.02" classname="com.vc.test.MyQueueTest">
    <failure type="java.lang.AssertionError" message="Search Filter Not Found ">
      <![CDATA[java.lang.AssertionError: Search Filter Not Found 
	at com.vc.utility.WebdriverMethods.waitForElementPresentByXpath(WebdriverMethods.java:611)
	at com.vc.task.MyQueue.checkSearchFilter(MyQueue.java:57)
	at com.vc.test.MyQueueTest.verifySearchFilter(MyQueueTest.java:37)
... Removed 25 stack frames]]>
    </failure>
  </testcase> <!-- verifySearchFilter -->
  <testcase name="verifyQueueHeaders" time="2.009" classname="com.vc.test.MyQueueTest">
    <failure type="org.openqa.selenium.WebDriverException" message="chrome not reachable
  (Session info: chrome=content shell)
  (Driver info: chromedriver=2.9.248315,platform=Windows NT 6.1 SP1 x86_64) (WARNING: The server did not provide any stacktrace information)
Command duration or timeout: 2.01 seconds
Build info: version: &amp;apos;2.44.0&amp;apos;, revision: &amp;apos;76d78cf&amp;apos;, time: &amp;apos;2014-10-23 20:03:00&amp;apos;
System info: host: &amp;apos;MUMW7L214&amp;apos;, ip: &amp;apos;172.16.20.181&amp;apos;, os.name: &amp;apos;Windows 7&amp;apos;, os.arch: &amp;apos;amd64&amp;apos;, os.version: &amp;apos;6.1&amp;apos;, java.version: &amp;apos;1.8.0_51&amp;apos;
Driver info: org.openqa.selenium.chrome.ChromeDriver
Capabilities [{applicationCacheEnabled=false, rotatable=false, chrome={userDataDir=C:\Users\TANU~1.AIR\AppData\Local\Temp\scoped_dir1152_6842}, takesHeapSnapshot=true, databaseEnabled=false, handlesAlerts=true, version=content shell, platform=XP, browserConnectionEnabled=false, nativeEvents=true, acceptSslCerts=true, locationContextEnabled=true, webStorageEnabled=true, browserName=chrome, takesScreenshot=true, javascriptEnabled=true, cssSelectorsEnabled=true}]
Session ID: 1b0e9b098c3b28d6b844ad67a324e44b">
      <![CDATA[org.openqa.selenium.WebDriverException: chrome not reachable
  (Session info: chrome=content shell)
  (Driver info: chromedriver=2.9.248315,platform=Windows NT 6.1 SP1 x86_64) (WARNING: The server did not provide any stacktrace information)
Command duration or timeout: 2.01 seconds
Build info: version: '2.44.0', revision: '76d78cf', time: '2014-10-23 20:03:00'
System info: host: 'MUMW7L214', ip: '172.16.20.181', os.name: 'Windows 7', os.arch: 'amd64', os.version: '6.1', java.version: '1.8.0_51'
Driver info: org.openqa.selenium.chrome.ChromeDriver
Capabilities [{applicationCacheEnabled=false, rotatable=false, chrome={userDataDir=C:\Users\TANU~1.AIR\AppData\Local\Temp\scoped_dir1152_6842}, takesHeapSnapshot=true, databaseEnabled=false, handlesAlerts=true, version=content shell, platform=XP, browserConnectionEnabled=false, nativeEvents=true, acceptSslCerts=true, locationContextEnabled=true, webStorageEnabled=true, browserName=chrome, takesScreenshot=true, javascriptEnabled=true, cssSelectorsEnabled=true}]
Session ID: 1b0e9b098c3b28d6b844ad67a324e44b
	at org.openqa.selenium.remote.ErrorHandler.createThrowable(ErrorHandler.java:204)
	at org.openqa.selenium.remote.ErrorHandler.throwIfResponseFailed(ErrorHandler.java:156)
	at org.openqa.selenium.remote.RemoteWebDriver.execute(RemoteWebDriver.java:599)
	at org.openqa.selenium.remote.RemoteWebDriver.findElements(RemoteWebDriver.java:377)
	at org.openqa.selenium.remote.RemoteWebDriver.findElementsByXPath(RemoteWebDriver.java:453)
	at org.openqa.selenium.By$ByXPath.findElements(By.java:352)
	at org.openqa.selenium.remote.RemoteWebDriver.findElements(RemoteWebDriver.java:340)
	at com.vc.task.MyQueue.checkModuleHeaders(MyQueue.java:75)
	at com.vc.test.MyQueueTest.verifyQueueHeaders(MyQueueTest.java:45)
... Removed 28 stack frames]]>
    </failure>
  </testcase> <!-- verifyQueueHeaders -->
  <testcase name="verifyLanguageHeader" time="2.016" classname="com.vc.test.MyQueueTest">
    <failure type="java.lang.AssertionError" message="My Queue Header Not Found ">
      <![CDATA[java.lang.AssertionError: My Queue Header Not Found 
	at com.vc.utility.WebdriverMethods.waitForElementPresentByXpath(WebdriverMethods.java:611)
	at com.vc.task.MyQueue.checkLanguageHeader(MyQueue.java:102)
	at com.vc.test.MyQueueTest.verifyLanguageHeader(MyQueueTest.java:54)
... Removed 25 stack frames]]>
    </failure>
  </testcase> <!-- verifyLanguageHeader -->
  <testcase name="verifyModTitle" time="2.007" classname="com.vc.test.MyQueueTest">
    <failure type="org.openqa.selenium.WebDriverException" message="chrome not reachable
  (Session info: chrome=content shell)
  (Driver info: chromedriver=2.9.248315,platform=Windows NT 6.1 SP1 x86_64) (WARNING: The server did not provide any stacktrace information)
Command duration or timeout: 2.01 seconds
Build info: version: &amp;apos;2.44.0&amp;apos;, revision: &amp;apos;76d78cf&amp;apos;, time: &amp;apos;2014-10-23 20:03:00&amp;apos;
System info: host: &amp;apos;MUMW7L214&amp;apos;, ip: &amp;apos;172.16.20.181&amp;apos;, os.name: &amp;apos;Windows 7&amp;apos;, os.arch: &amp;apos;amd64&amp;apos;, os.version: &amp;apos;6.1&amp;apos;, java.version: &amp;apos;1.8.0_51&amp;apos;
Driver info: org.openqa.selenium.chrome.ChromeDriver
Capabilities [{applicationCacheEnabled=false, rotatable=false, chrome={userDataDir=C:\Users\TANU~1.AIR\AppData\Local\Temp\scoped_dir1152_6842}, takesHeapSnapshot=true, databaseEnabled=false, handlesAlerts=true, version=content shell, platform=XP, browserConnectionEnabled=false, nativeEvents=true, acceptSslCerts=true, locationContextEnabled=true, webStorageEnabled=true, browserName=chrome, takesScreenshot=true, javascriptEnabled=true, cssSelectorsEnabled=true}]
Session ID: 1b0e9b098c3b28d6b844ad67a324e44b">
      <![CDATA[org.openqa.selenium.WebDriverException: chrome not reachable
  (Session info: chrome=content shell)
  (Driver info: chromedriver=2.9.248315,platform=Windows NT 6.1 SP1 x86_64) (WARNING: The server did not provide any stacktrace information)
Command duration or timeout: 2.01 seconds
Build info: version: '2.44.0', revision: '76d78cf', time: '2014-10-23 20:03:00'
System info: host: 'MUMW7L214', ip: '172.16.20.181', os.name: 'Windows 7', os.arch: 'amd64', os.version: '6.1', java.version: '1.8.0_51'
Driver info: org.openqa.selenium.chrome.ChromeDriver
Capabilities [{applicationCacheEnabled=false, rotatable=false, chrome={userDataDir=C:\Users\TANU~1.AIR\AppData\Local\Temp\scoped_dir1152_6842}, takesHeapSnapshot=true, databaseEnabled=false, handlesAlerts=true, version=content shell, platform=XP, browserConnectionEnabled=false, nativeEvents=true, acceptSslCerts=true, locationContextEnabled=true, webStorageEnabled=true, browserName=chrome, takesScreenshot=true, javascriptEnabled=true, cssSelectorsEnabled=true}]
Session ID: 1b0e9b098c3b28d6b844ad67a324e44b
	at org.openqa.selenium.remote.ErrorHandler.createThrowable(ErrorHandler.java:204)
	at org.openqa.selenium.remote.ErrorHandler.throwIfResponseFailed(ErrorHandler.java:156)
	at org.openqa.selenium.remote.RemoteWebDriver.execute(RemoteWebDriver.java:599)
	at org.openqa.selenium.remote.RemoteWebDriver.findElements(RemoteWebDriver.java:377)
	at org.openqa.selenium.remote.RemoteWebDriver.findElementsByXPath(RemoteWebDriver.java:453)
	at org.openqa.selenium.By$ByXPath.findElements(By.java:352)
	at org.openqa.selenium.remote.RemoteWebDriver.findElements(RemoteWebDriver.java:340)
	at com.vc.task.MyQueue.checkModuleTitle(MyQueue.java:113)
	at com.vc.test.MyQueueTest.verifyModTitle(MyQueueTest.java:62)
... Removed 28 stack frames]]>
    </failure>
  </testcase> <!-- verifyModTitle -->
  <testcase name="verifyModID" time="2.022" classname="com.vc.test.MyQueueTest">
    <failure type="org.openqa.selenium.WebDriverException" message="chrome not reachable
  (Session info: chrome=content shell)
  (Driver info: chromedriver=2.9.248315,platform=Windows NT 6.1 SP1 x86_64) (WARNING: The server did not provide any stacktrace information)
Command duration or timeout: 2.02 seconds
Build info: version: &amp;apos;2.44.0&amp;apos;, revision: &amp;apos;76d78cf&amp;apos;, time: &amp;apos;2014-10-23 20:03:00&amp;apos;
System info: host: &amp;apos;MUMW7L214&amp;apos;, ip: &amp;apos;172.16.20.181&amp;apos;, os.name: &amp;apos;Windows 7&amp;apos;, os.arch: &amp;apos;amd64&amp;apos;, os.version: &amp;apos;6.1&amp;apos;, java.version: &amp;apos;1.8.0_51&amp;apos;
Driver info: org.openqa.selenium.chrome.ChromeDriver
Capabilities [{applicationCacheEnabled=false, rotatable=false, chrome={userDataDir=C:\Users\TANU~1.AIR\AppData\Local\Temp\scoped_dir1152_6842}, takesHeapSnapshot=true, databaseEnabled=false, handlesAlerts=true, version=content shell, platform=XP, browserConnectionEnabled=false, nativeEvents=true, acceptSslCerts=true, locationContextEnabled=true, webStorageEnabled=true, browserName=chrome, takesScreenshot=true, javascriptEnabled=true, cssSelectorsEnabled=true}]
Session ID: 1b0e9b098c3b28d6b844ad67a324e44b">
      <![CDATA[org.openqa.selenium.WebDriverException: chrome not reachable
  (Session info: chrome=content shell)
  (Driver info: chromedriver=2.9.248315,platform=Windows NT 6.1 SP1 x86_64) (WARNING: The server did not provide any stacktrace information)
Command duration or timeout: 2.02 seconds
Build info: version: '2.44.0', revision: '76d78cf', time: '2014-10-23 20:03:00'
System info: host: 'MUMW7L214', ip: '172.16.20.181', os.name: 'Windows 7', os.arch: 'amd64', os.version: '6.1', java.version: '1.8.0_51'
Driver info: org.openqa.selenium.chrome.ChromeDriver
Capabilities [{applicationCacheEnabled=false, rotatable=false, chrome={userDataDir=C:\Users\TANU~1.AIR\AppData\Local\Temp\scoped_dir1152_6842}, takesHeapSnapshot=true, databaseEnabled=false, handlesAlerts=true, version=content shell, platform=XP, browserConnectionEnabled=false, nativeEvents=true, acceptSslCerts=true, locationContextEnabled=true, webStorageEnabled=true, browserName=chrome, takesScreenshot=true, javascriptEnabled=true, cssSelectorsEnabled=true}]
Session ID: 1b0e9b098c3b28d6b844ad67a324e44b
	at org.openqa.selenium.remote.ErrorHandler.createThrowable(ErrorHandler.java:204)
	at org.openqa.selenium.remote.ErrorHandler.throwIfResponseFailed(ErrorHandler.java:156)
	at org.openqa.selenium.remote.RemoteWebDriver.execute(RemoteWebDriver.java:599)
	at org.openqa.selenium.remote.RemoteWebDriver.findElements(RemoteWebDriver.java:377)
	at org.openqa.selenium.remote.RemoteWebDriver.findElementsByXPath(RemoteWebDriver.java:453)
	at org.openqa.selenium.By$ByXPath.findElements(By.java:352)
	at org.openqa.selenium.remote.RemoteWebDriver.findElements(RemoteWebDriver.java:340)
	at com.vc.task.MyQueue.checkModID(MyQueue.java:198)
	at com.vc.test.MyQueueTest.verifyModID(MyQueueTest.java:70)
... Removed 28 stack frames]]>
    </failure>
  </testcase> <!-- verifyModID -->
  <testcase name="verifyImageView" time="2.009" classname="com.vc.test.MyQueueTest">
    <failure type="java.lang.AssertionError" message="Toggle View Btn Not Found ">
      <![CDATA[java.lang.AssertionError: Toggle View Btn Not Found 
	at com.vc.utility.WebdriverMethods.waitForElementPresentByXpath(WebdriverMethods.java:611)
	at com.vc.utility.WebdriverMethods.clickIdentifierXpath(WebdriverMethods.java:322)
	at com.vc.task.MyQueue.changetoImageView(MyQueue.java:128)
	at com.vc.test.MyQueueTest.verifyImageView(MyQueueTest.java:81)
... Removed 25 stack frames]]>
    </failure>
  </testcase> <!-- verifyImageView -->
  <testcase name="verifyModuleTitleOnImageView" time="2.01" classname="com.vc.test.MyQueueTest">
    <failure type="org.openqa.selenium.WebDriverException" message="chrome not reachable
  (Session info: chrome=content shell)
  (Driver info: chromedriver=2.9.248315,platform=Windows NT 6.1 SP1 x86_64) (WARNING: The server did not provide any stacktrace information)
Command duration or timeout: 2.01 seconds
Build info: version: &amp;apos;2.44.0&amp;apos;, revision: &amp;apos;76d78cf&amp;apos;, time: &amp;apos;2014-10-23 20:03:00&amp;apos;
System info: host: &amp;apos;MUMW7L214&amp;apos;, ip: &amp;apos;172.16.20.181&amp;apos;, os.name: &amp;apos;Windows 7&amp;apos;, os.arch: &amp;apos;amd64&amp;apos;, os.version: &amp;apos;6.1&amp;apos;, java.version: &amp;apos;1.8.0_51&amp;apos;
Driver info: org.openqa.selenium.chrome.ChromeDriver
Capabilities [{applicationCacheEnabled=false, rotatable=false, chrome={userDataDir=C:\Users\TANU~1.AIR\AppData\Local\Temp\scoped_dir1152_6842}, takesHeapSnapshot=true, databaseEnabled=false, handlesAlerts=true, version=content shell, platform=XP, browserConnectionEnabled=false, nativeEvents=true, acceptSslCerts=true, locationContextEnabled=true, webStorageEnabled=true, browserName=chrome, takesScreenshot=true, javascriptEnabled=true, cssSelectorsEnabled=true}]
Session ID: 1b0e9b098c3b28d6b844ad67a324e44b">
      <![CDATA[org.openqa.selenium.WebDriverException: chrome not reachable
  (Session info: chrome=content shell)
  (Driver info: chromedriver=2.9.248315,platform=Windows NT 6.1 SP1 x86_64) (WARNING: The server did not provide any stacktrace information)
Command duration or timeout: 2.01 seconds
Build info: version: '2.44.0', revision: '76d78cf', time: '2014-10-23 20:03:00'
System info: host: 'MUMW7L214', ip: '172.16.20.181', os.name: 'Windows 7', os.arch: 'amd64', os.version: '6.1', java.version: '1.8.0_51'
Driver info: org.openqa.selenium.chrome.ChromeDriver
Capabilities [{applicationCacheEnabled=false, rotatable=false, chrome={userDataDir=C:\Users\TANU~1.AIR\AppData\Local\Temp\scoped_dir1152_6842}, takesHeapSnapshot=true, databaseEnabled=false, handlesAlerts=true, version=content shell, platform=XP, browserConnectionEnabled=false, nativeEvents=true, acceptSslCerts=true, locationContextEnabled=true, webStorageEnabled=true, browserName=chrome, takesScreenshot=true, javascriptEnabled=true, cssSelectorsEnabled=true}]
Session ID: 1b0e9b098c3b28d6b844ad67a324e44b
	at org.openqa.selenium.remote.ErrorHandler.createThrowable(ErrorHandler.java:204)
	at org.openqa.selenium.remote.ErrorHandler.throwIfResponseFailed(ErrorHandler.java:156)
	at org.openqa.selenium.remote.RemoteWebDriver.execute(RemoteWebDriver.java:599)
	at org.openqa.selenium.remote.RemoteWebDriver.findElements(RemoteWebDriver.java:377)
	at org.openqa.selenium.remote.RemoteWebDriver.findElementsByXPath(RemoteWebDriver.java:453)
	at org.openqa.selenium.By$ByXPath.findElements(By.java:352)
	at org.openqa.selenium.remote.RemoteWebDriver.findElements(RemoteWebDriver.java:340)
	at com.vc.task.MyQueue.checkModTitleOnImageView(MyQueue.java:168)
	at com.vc.test.MyQueueTest.verifyModuleTitleOnImageView(MyQueueTest.java:100)
... Removed 28 stack frames]]>
    </failure>
  </testcase> <!-- verifyModuleTitleOnImageView -->
  <testcase name="verifyModuleIDOnImageView" time="2.019" classname="com.vc.test.MyQueueTest">
    <failure type="org.openqa.selenium.WebDriverException" message="chrome not reachable
  (Session info: chrome=content shell)
  (Driver info: chromedriver=2.9.248315,platform=Windows NT 6.1 SP1 x86_64) (WARNING: The server did not provide any stacktrace information)
Command duration or timeout: 2.02 seconds
Build info: version: &amp;apos;2.44.0&amp;apos;, revision: &amp;apos;76d78cf&amp;apos;, time: &amp;apos;2014-10-23 20:03:00&amp;apos;
System info: host: &amp;apos;MUMW7L214&amp;apos;, ip: &amp;apos;172.16.20.181&amp;apos;, os.name: &amp;apos;Windows 7&amp;apos;, os.arch: &amp;apos;amd64&amp;apos;, os.version: &amp;apos;6.1&amp;apos;, java.version: &amp;apos;1.8.0_51&amp;apos;
Driver info: org.openqa.selenium.chrome.ChromeDriver
Capabilities [{applicationCacheEnabled=false, rotatable=false, chrome={userDataDir=C:\Users\TANU~1.AIR\AppData\Local\Temp\scoped_dir1152_6842}, takesHeapSnapshot=true, databaseEnabled=false, handlesAlerts=true, version=content shell, platform=XP, browserConnectionEnabled=false, nativeEvents=true, acceptSslCerts=true, locationContextEnabled=true, webStorageEnabled=true, browserName=chrome, takesScreenshot=true, javascriptEnabled=true, cssSelectorsEnabled=true}]
Session ID: 1b0e9b098c3b28d6b844ad67a324e44b">
      <![CDATA[org.openqa.selenium.WebDriverException: chrome not reachable
  (Session info: chrome=content shell)
  (Driver info: chromedriver=2.9.248315,platform=Windows NT 6.1 SP1 x86_64) (WARNING: The server did not provide any stacktrace information)
Command duration or timeout: 2.02 seconds
Build info: version: '2.44.0', revision: '76d78cf', time: '2014-10-23 20:03:00'
System info: host: 'MUMW7L214', ip: '172.16.20.181', os.name: 'Windows 7', os.arch: 'amd64', os.version: '6.1', java.version: '1.8.0_51'
Driver info: org.openqa.selenium.chrome.ChromeDriver
Capabilities [{applicationCacheEnabled=false, rotatable=false, chrome={userDataDir=C:\Users\TANU~1.AIR\AppData\Local\Temp\scoped_dir1152_6842}, takesHeapSnapshot=true, databaseEnabled=false, handlesAlerts=true, version=content shell, platform=XP, browserConnectionEnabled=false, nativeEvents=true, acceptSslCerts=true, locationContextEnabled=true, webStorageEnabled=true, browserName=chrome, takesScreenshot=true, javascriptEnabled=true, cssSelectorsEnabled=true}]
Session ID: 1b0e9b098c3b28d6b844ad67a324e44b
	at org.openqa.selenium.remote.ErrorHandler.createThrowable(ErrorHandler.java:204)
	at org.openqa.selenium.remote.ErrorHandler.throwIfResponseFailed(ErrorHandler.java:156)
	at org.openqa.selenium.remote.RemoteWebDriver.execute(RemoteWebDriver.java:599)
	at org.openqa.selenium.remote.RemoteWebDriver.findElements(RemoteWebDriver.java:377)
	at org.openqa.selenium.remote.RemoteWebDriver.findElementsByXPath(RemoteWebDriver.java:453)
	at org.openqa.selenium.By$ByXPath.findElements(By.java:352)
	at org.openqa.selenium.remote.RemoteWebDriver.findElements(RemoteWebDriver.java:340)
	at com.vc.task.MyQueue.checkModIDOnImageView(MyQueue.java:183)
	at com.vc.test.MyQueueTest.verifyModuleIDOnImageView(MyQueueTest.java:108)
... Removed 28 stack frames]]>
    </failure>
  </testcase> <!-- verifyModuleIDOnImageView -->
  <testcase name="verifyCourseDesc" time="2.018" classname="com.vc.test.MyQueueTest">
    <failure type="org.openqa.selenium.WebDriverException" message="chrome not reachable
  (Session info: chrome=content shell)
  (Driver info: chromedriver=2.9.248315,platform=Windows NT 6.1 SP1 x86_64) (WARNING: The server did not provide any stacktrace information)
Command duration or timeout: 2.02 seconds
Build info: version: &amp;apos;2.44.0&amp;apos;, revision: &amp;apos;76d78cf&amp;apos;, time: &amp;apos;2014-10-23 20:03:00&amp;apos;
System info: host: &amp;apos;MUMW7L214&amp;apos;, ip: &amp;apos;172.16.20.181&amp;apos;, os.name: &amp;apos;Windows 7&amp;apos;, os.arch: &amp;apos;amd64&amp;apos;, os.version: &amp;apos;6.1&amp;apos;, java.version: &amp;apos;1.8.0_51&amp;apos;
Driver info: org.openqa.selenium.chrome.ChromeDriver
Capabilities [{applicationCacheEnabled=false, rotatable=false, chrome={userDataDir=C:\Users\TANU~1.AIR\AppData\Local\Temp\scoped_dir1152_6842}, takesHeapSnapshot=true, databaseEnabled=false, handlesAlerts=true, version=content shell, platform=XP, browserConnectionEnabled=false, nativeEvents=true, acceptSslCerts=true, locationContextEnabled=true, webStorageEnabled=true, browserName=chrome, takesScreenshot=true, javascriptEnabled=true, cssSelectorsEnabled=true}]
Session ID: 1b0e9b098c3b28d6b844ad67a324e44b">
      <![CDATA[org.openqa.selenium.WebDriverException: chrome not reachable
  (Session info: chrome=content shell)
  (Driver info: chromedriver=2.9.248315,platform=Windows NT 6.1 SP1 x86_64) (WARNING: The server did not provide any stacktrace information)
Command duration or timeout: 2.02 seconds
Build info: version: '2.44.0', revision: '76d78cf', time: '2014-10-23 20:03:00'
System info: host: 'MUMW7L214', ip: '172.16.20.181', os.name: 'Windows 7', os.arch: 'amd64', os.version: '6.1', java.version: '1.8.0_51'
Driver info: org.openqa.selenium.chrome.ChromeDriver
Capabilities [{applicationCacheEnabled=false, rotatable=false, chrome={userDataDir=C:\Users\TANU~1.AIR\AppData\Local\Temp\scoped_dir1152_6842}, takesHeapSnapshot=true, databaseEnabled=false, handlesAlerts=true, version=content shell, platform=XP, browserConnectionEnabled=false, nativeEvents=true, acceptSslCerts=true, locationContextEnabled=true, webStorageEnabled=true, browserName=chrome, takesScreenshot=true, javascriptEnabled=true, cssSelectorsEnabled=true}]
Session ID: 1b0e9b098c3b28d6b844ad67a324e44b
	at org.openqa.selenium.remote.ErrorHandler.createThrowable(ErrorHandler.java:204)
	at org.openqa.selenium.remote.ErrorHandler.throwIfResponseFailed(ErrorHandler.java:156)
	at org.openqa.selenium.remote.RemoteWebDriver.execute(RemoteWebDriver.java:599)
	at org.openqa.selenium.remote.RemoteWebDriver.findElements(RemoteWebDriver.java:377)
	at org.openqa.selenium.remote.RemoteWebDriver.findElementsByXPath(RemoteWebDriver.java:453)
	at org.openqa.selenium.By$ByXPath.findElements(By.java:352)
	at org.openqa.selenium.remote.RemoteWebDriver.findElements(RemoteWebDriver.java:340)
	at com.vc.task.MyQueue.checkCourseDesc(MyQueue.java:215)
	at com.vc.test.MyQueueTest.verifyCourseDesc(MyQueueTest.java:116)
... Removed 28 stack frames]]>
    </failure>
  </testcase> <!-- verifyCourseDesc -->
  <testcase name="moduleClick" time="2.011" classname="com.vc.test.MyQueueTest">
    <failure type="org.openqa.selenium.WebDriverException" message="chrome not reachable
  (Session info: chrome=content shell)
  (Driver info: chromedriver=2.9.248315,platform=Windows NT 6.1 SP1 x86_64) (WARNING: The server did not provide any stacktrace information)
Command duration or timeout: 2.01 seconds
Build info: version: &amp;apos;2.44.0&amp;apos;, revision: &amp;apos;76d78cf&amp;apos;, time: &amp;apos;2014-10-23 20:03:00&amp;apos;
System info: host: &amp;apos;MUMW7L214&amp;apos;, ip: &amp;apos;172.16.20.181&amp;apos;, os.name: &amp;apos;Windows 7&amp;apos;, os.arch: &amp;apos;amd64&amp;apos;, os.version: &amp;apos;6.1&amp;apos;, java.version: &amp;apos;1.8.0_51&amp;apos;
Driver info: org.openqa.selenium.chrome.ChromeDriver
Capabilities [{applicationCacheEnabled=false, rotatable=false, chrome={userDataDir=C:\Users\TANU~1.AIR\AppData\Local\Temp\scoped_dir1152_6842}, takesHeapSnapshot=true, databaseEnabled=false, handlesAlerts=true, version=content shell, platform=XP, browserConnectionEnabled=false, nativeEvents=true, acceptSslCerts=true, locationContextEnabled=true, webStorageEnabled=true, browserName=chrome, takesScreenshot=true, javascriptEnabled=true, cssSelectorsEnabled=true}]
Session ID: 1b0e9b098c3b28d6b844ad67a324e44b">
      <![CDATA[org.openqa.selenium.WebDriverException: chrome not reachable
  (Session info: chrome=content shell)
  (Driver info: chromedriver=2.9.248315,platform=Windows NT 6.1 SP1 x86_64) (WARNING: The server did not provide any stacktrace information)
Command duration or timeout: 2.01 seconds
Build info: version: '2.44.0', revision: '76d78cf', time: '2014-10-23 20:03:00'
System info: host: 'MUMW7L214', ip: '172.16.20.181', os.name: 'Windows 7', os.arch: 'amd64', os.version: '6.1', java.version: '1.8.0_51'
Driver info: org.openqa.selenium.chrome.ChromeDriver
Capabilities [{applicationCacheEnabled=false, rotatable=false, chrome={userDataDir=C:\Users\TANU~1.AIR\AppData\Local\Temp\scoped_dir1152_6842}, takesHeapSnapshot=true, databaseEnabled=false, handlesAlerts=true, version=content shell, platform=XP, browserConnectionEnabled=false, nativeEvents=true, acceptSslCerts=true, locationContextEnabled=true, webStorageEnabled=true, browserName=chrome, takesScreenshot=true, javascriptEnabled=true, cssSelectorsEnabled=true}]
Session ID: 1b0e9b098c3b28d6b844ad67a324e44b
	at org.openqa.selenium.remote.ErrorHandler.createThrowable(ErrorHandler.java:204)
	at org.openqa.selenium.remote.ErrorHandler.throwIfResponseFailed(ErrorHandler.java:156)
	at org.openqa.selenium.remote.RemoteWebDriver.execute(RemoteWebDriver.java:599)
	at org.openqa.selenium.remote.RemoteWebDriver.findElements(RemoteWebDriver.java:377)
	at org.openqa.selenium.remote.RemoteWebDriver.findElementsByXPath(RemoteWebDriver.java:453)
	at org.openqa.selenium.By$ByXPath.findElements(By.java:352)
	at org.openqa.selenium.remote.RemoteWebDriver.findElements(RemoteWebDriver.java:340)
	at com.vc.task.MyQueue.clickModule(MyQueue.java:273)
	at com.vc.test.MyQueueTest.moduleClick(MyQueueTest.java:124)
... Removed 28 stack frames]]>
    </failure>
  </testcase> <!-- moduleClick -->
  <testcase name="verifyModuleOverview" time="2.01" classname="com.vc.test.MyQueueTest">
    <failure type="org.openqa.selenium.WebDriverException" message="chrome not reachable
  (Session info: chrome=content shell)
  (Driver info: chromedriver=2.9.248315,platform=Windows NT 6.1 SP1 x86_64) (WARNING: The server did not provide any stacktrace information)
Command duration or timeout: 2.01 seconds
Build info: version: &amp;apos;2.44.0&amp;apos;, revision: &amp;apos;76d78cf&amp;apos;, time: &amp;apos;2014-10-23 20:03:00&amp;apos;
System info: host: &amp;apos;MUMW7L214&amp;apos;, ip: &amp;apos;172.16.20.181&amp;apos;, os.name: &amp;apos;Windows 7&amp;apos;, os.arch: &amp;apos;amd64&amp;apos;, os.version: &amp;apos;6.1&amp;apos;, java.version: &amp;apos;1.8.0_51&amp;apos;
Driver info: org.openqa.selenium.chrome.ChromeDriver
Capabilities [{applicationCacheEnabled=false, rotatable=false, chrome={userDataDir=C:\Users\TANU~1.AIR\AppData\Local\Temp\scoped_dir1152_6842}, takesHeapSnapshot=true, databaseEnabled=false, handlesAlerts=true, version=content shell, platform=XP, browserConnectionEnabled=false, nativeEvents=true, acceptSslCerts=true, locationContextEnabled=true, webStorageEnabled=true, browserName=chrome, takesScreenshot=true, javascriptEnabled=true, cssSelectorsEnabled=true}]
Session ID: 1b0e9b098c3b28d6b844ad67a324e44b">
      <![CDATA[org.openqa.selenium.WebDriverException: chrome not reachable
  (Session info: chrome=content shell)
  (Driver info: chromedriver=2.9.248315,platform=Windows NT 6.1 SP1 x86_64) (WARNING: The server did not provide any stacktrace information)
Command duration or timeout: 2.01 seconds
Build info: version: '2.44.0', revision: '76d78cf', time: '2014-10-23 20:03:00'
System info: host: 'MUMW7L214', ip: '172.16.20.181', os.name: 'Windows 7', os.arch: 'amd64', os.version: '6.1', java.version: '1.8.0_51'
Driver info: org.openqa.selenium.chrome.ChromeDriver
Capabilities [{applicationCacheEnabled=false, rotatable=false, chrome={userDataDir=C:\Users\TANU~1.AIR\AppData\Local\Temp\scoped_dir1152_6842}, takesHeapSnapshot=true, databaseEnabled=false, handlesAlerts=true, version=content shell, platform=XP, browserConnectionEnabled=false, nativeEvents=true, acceptSslCerts=true, locationContextEnabled=true, webStorageEnabled=true, browserName=chrome, takesScreenshot=true, javascriptEnabled=true, cssSelectorsEnabled=true}]
Session ID: 1b0e9b098c3b28d6b844ad67a324e44b
	at org.openqa.selenium.remote.ErrorHandler.createThrowable(ErrorHandler.java:204)
	at org.openqa.selenium.remote.ErrorHandler.throwIfResponseFailed(ErrorHandler.java:156)
	at org.openqa.selenium.remote.RemoteWebDriver.execute(RemoteWebDriver.java:599)
	at org.openqa.selenium.remote.RemoteWebDriver.findElement(RemoteWebDriver.java:352)
	at org.openqa.selenium.remote.RemoteWebDriver.findElementByXPath(RemoteWebDriver.java:449)
	at org.openqa.selenium.By$ByXPath.findElement(By.java:357)
	at org.openqa.selenium.remote.RemoteWebDriver.findElement(RemoteWebDriver.java:344)
	at com.vc.task.MyQueue.checkForMouleOverviewPage(MyQueue.java:291)
	at com.vc.test.MyQueueTest.verifyModuleOverview(MyQueueTest.java:132)
... Removed 28 stack frames]]>
    </failure>
  </testcase> <!-- verifyModuleOverview -->
  <testcase name="verifyUserNameInfoWindow" time="2.013" classname="com.vc.test.MyQueueTest">
    <failure type="java.lang.AssertionError" message="Nect button on Module Overview Page not found">
      <![CDATA[java.lang.AssertionError: Nect button on Module Overview Page not found
	at com.vc.utility.WebdriverMethods.waitForElementPresentByID(WebdriverMethods.java:450)
	at com.vc.utility.WebdriverMethods.clickIdentifierByID(WebdriverMethods.java:420)
	at com.vc.task.MyQueue.clickNextBtnModOverviewPage(MyQueue.java:330)
	at com.vc.test.MyQueueTest.verifyUserNameInfoWindow(MyQueueTest.java:140)
... Removed 25 stack frames]]>
    </failure>
  </testcase> <!-- verifyUserNameInfoWindow -->
  <testcase name="userInfo" time="2.008" classname="com.vc.test.MyQueueTest">
    <failure type="org.openqa.selenium.WebDriverException" message="chrome not reachable
  (Session info: chrome=content shell)
  (Driver info: chromedriver=2.9.248315,platform=Windows NT 6.1 SP1 x86_64) (WARNING: The server did not provide any stacktrace information)
Command duration or timeout: 2.01 seconds
Build info: version: &amp;apos;2.44.0&amp;apos;, revision: &amp;apos;76d78cf&amp;apos;, time: &amp;apos;2014-10-23 20:03:00&amp;apos;
System info: host: &amp;apos;MUMW7L214&amp;apos;, ip: &amp;apos;172.16.20.181&amp;apos;, os.name: &amp;apos;Windows 7&amp;apos;, os.arch: &amp;apos;amd64&amp;apos;, os.version: &amp;apos;6.1&amp;apos;, java.version: &amp;apos;1.8.0_51&amp;apos;
Driver info: org.openqa.selenium.chrome.ChromeDriver
Capabilities [{applicationCacheEnabled=false, rotatable=false, chrome={userDataDir=C:\Users\TANU~1.AIR\AppData\Local\Temp\scoped_dir1152_6842}, takesHeapSnapshot=true, databaseEnabled=false, handlesAlerts=true, version=content shell, platform=XP, browserConnectionEnabled=false, nativeEvents=true, acceptSslCerts=true, locationContextEnabled=true, webStorageEnabled=true, browserName=chrome, takesScreenshot=true, javascriptEnabled=true, cssSelectorsEnabled=true}]
Session ID: 1b0e9b098c3b28d6b844ad67a324e44b">
      <![CDATA[org.openqa.selenium.WebDriverException: chrome not reachable
  (Session info: chrome=content shell)
  (Driver info: chromedriver=2.9.248315,platform=Windows NT 6.1 SP1 x86_64) (WARNING: The server did not provide any stacktrace information)
Command duration or timeout: 2.01 seconds
Build info: version: '2.44.0', revision: '76d78cf', time: '2014-10-23 20:03:00'
System info: host: 'MUMW7L214', ip: '172.16.20.181', os.name: 'Windows 7', os.arch: 'amd64', os.version: '6.1', java.version: '1.8.0_51'
Driver info: org.openqa.selenium.chrome.ChromeDriver
Capabilities [{applicationCacheEnabled=false, rotatable=false, chrome={userDataDir=C:\Users\TANU~1.AIR\AppData\Local\Temp\scoped_dir1152_6842}, takesHeapSnapshot=true, databaseEnabled=false, handlesAlerts=true, version=content shell, platform=XP, browserConnectionEnabled=false, nativeEvents=true, acceptSslCerts=true, locationContextEnabled=true, webStorageEnabled=true, browserName=chrome, takesScreenshot=true, javascriptEnabled=true, cssSelectorsEnabled=true}]
Session ID: 1b0e9b098c3b28d6b844ad67a324e44b
	at org.openqa.selenium.remote.ErrorHandler.createThrowable(ErrorHandler.java:204)
	at org.openqa.selenium.remote.ErrorHandler.throwIfResponseFailed(ErrorHandler.java:156)
	at org.openqa.selenium.remote.RemoteWebDriver.execute(RemoteWebDriver.java:599)
	at org.openqa.selenium.remote.RemoteWebDriver.findElement(RemoteWebDriver.java:352)
	at org.openqa.selenium.remote.RemoteWebDriver.findElementById(RemoteWebDriver.java:393)
	at org.openqa.selenium.By$ById.findElement(By.java:214)
	at org.openqa.selenium.remote.RemoteWebDriver.findElement(RemoteWebDriver.java:344)
	at com.vc.task.MyQueue.enterNewUserName(MyQueue.java:360)
	at com.vc.test.MyQueueTest.userInfo(MyQueueTest.java:152)
... Removed 28 stack frames]]>
    </failure>
  </testcase> <!-- userInfo -->
  <testcase name="completeCourse" time="0.002" classname="com.vc.test.MyQueueTest"/>
  <testcase name="testLeftMenu" time="0.001" classname="com.vc.test.ViewApp">
    <skipped/>
  </testcase> <!-- testLeftMenu -->
  <testcase name="checkClickSyncManager" time="0.001" classname="com.vc.test.ViewApp">
    <skipped/>
  </testcase> <!-- checkClickSyncManager -->
  <testcase name="checkAccessCodeWindowUI" time="0.001" classname="com.vc.test.ViewApp">
    <skipped/>
  </testcase> <!-- checkAccessCodeWindowUI -->
  <testcase name="verifyHeaderOnAccessCode" time="0.0" classname="com.vc.test.ViewApp">
    <skipped/>
  </testcase> <!-- verifyHeaderOnAccessCode -->
  <testcase name="verifyDefaultTextOnAccessCode" time="0.0" classname="com.vc.test.ViewApp">
    <skipped/>
  </testcase> <!-- verifyDefaultTextOnAccessCode -->
  <testcase name="checkNextBtnStatus" time="0.0" classname="com.vc.test.ViewApp">
    <skipped/>
  </testcase> <!-- checkNextBtnStatus -->
  <testcase name="checkErrorMessages" time="0.001" classname="com.vc.test.ViewApp">
    <skipped/>
  </testcase> <!-- checkErrorMessages -->
  <testcase name="checkCorrectAccessCode" time="0.001" classname="com.vc.test.ViewApp">
    <skipped/>
  </testcase> <!-- checkCorrectAccessCode -->
  <testcase name="mouduleCompletionStatusTab" time="0.0" classname="com.vc.test.ViewApp">
    <skipped/>
  </testcase> <!-- mouduleCompletionStatusTab -->
  <testcase name="checkSyncBtn" time="0.0" classname="com.vc.test.ViewApp">
    <skipped/>
  </testcase> <!-- checkSyncBtn -->
  <testcase name="moduleCompletionDateSorting" time="0.0" classname="com.vc.test.ViewApp">
    <skipped/>
  </testcase> <!-- moduleCompletionDateSorting -->
  <testcase name="verifyPagination" time="0.0" classname="com.vc.test.ViewApp">
    <skipped/>
  </testcase> <!-- verifyPagination -->
  <testcase name="verifyLastSyncedLabel" time="0.001" classname="com.vc.test.ViewApp">
    <skipped/>
  </testcase> <!-- verifyLastSyncedLabel -->
  <testcase name="verifySearchLabel" time="0.0" classname="com.vc.test.ViewApp">
    <skipped/>
  </testcase> <!-- verifySearchLabel -->
  <testcase name="verifyInProgressRecords" time="0.002" classname="com.vc.test.ViewApp">
    <skipped/>
  </testcase> <!-- verifyInProgressRecords -->
  <testcase name="verifyCompletedRecords" time="0.001" classname="com.vc.test.ViewApp">
    <skipped/>
  </testcase> <!-- verifyCompletedRecords -->
  <testcase name="checkUserNameSorting" time="0.0" classname="com.vc.test.ViewApp">
    <skipped/>
  </testcase> <!-- checkUserNameSorting -->
  <testcase name="ModuleTitleSorting" time="0.0" classname="com.vc.test.ViewApp">
    <skipped/>
  </testcase> <!-- ModuleTitleSorting -->
  <testcase name="SyncedTabHeaders" time="0.0" classname="com.vc.test.ViewApp">
    <skipped/>
  </testcase> <!-- SyncedTabHeaders -->
  <testcase name="SyncedDateSorting" time="0.001" classname="com.vc.test.ViewApp">
    <skipped/>
  </testcase> <!-- SyncedDateSorting -->
  <testcase name="editSyncErrorUserName" time="0.0" classname="com.vc.test.ViewApp">
    <skipped/>
  </testcase> <!-- editSyncErrorUserName -->
  <testcase name="SyncedDataFeature" time="0.001" classname="com.vc.test.ViewApp">
    <skipped/>
  </testcase> <!-- SyncedDataFeature -->
  <testcase name="SyncedDataValidation" time="0.001" classname="com.vc.test.ViewApp">
    <skipped/>
  </testcase> <!-- SyncedDataValidation -->
  <testcase name="LogintoOnline" time="0.001" classname="com.vc.test.ViewApp">
    <skipped/>
  </testcase> <!-- LogintoOnline -->
  <testcase name="onlineVerificationofData" time="0.0" classname="com.vc.test.ViewApp">
    <skipped/>
  </testcase> <!-- onlineVerificationofData -->
</testsuite> <!-- SanityCheck -->
