<?xml version="1.0" encoding="UTF-8"?>
<!-- Generated by org.testng.reporters.JUnitXMLReporter -->
<testsuite hostname="MUMW7L214" name="Virtual Catalyst" tests="47" failures="27" timestamp="12 Apr 2017 10:46:49 GMT" time="434.937" errors="0">
  <testcase name="@AfterTest endClass1" time="0.0" classname="com.vc.test.SanityTestCases">
    <failure type="org.openqa.selenium.WebDriverException" message="unknown error: cannot get automation extension
from unknown error: page could not be found: chrome-extension://aapnijgdinlhnhlmodcfapnahmbfebeb/_generated_background_page.html
  (Session info: chrome=57.0.2987.133)
  (Driver info: chromedriver=2.25.426923 (0390b88869384d6eb0d5d09729679f934aab9eed),platform=Windows NT 6.1.7601 SP1 x86_64) (WARNING: The server did not provide any stacktrace information)
Command duration or timeout: 10.04 seconds
Build info: version: &amp;apos;2.44.0&amp;apos;, revision: &amp;apos;76d78cf&amp;apos;, time: &amp;apos;2014-10-23 20:03:00&amp;apos;
System info: host: &amp;apos;MUMW7L214&amp;apos;, ip: &amp;apos;172.16.20.147&amp;apos;, os.name: &amp;apos;Windows 7&amp;apos;, os.arch: &amp;apos;amd64&amp;apos;, os.version: &amp;apos;6.1&amp;apos;, java.version: &amp;apos;1.8.0_51&amp;apos;
Driver info: org.openqa.selenium.chrome.ChromeDriver
Capabilities [{applicationCacheEnabled=false, rotatable=false, mobileEmulationEnabled=false, networkConnectionEnabled=false, chrome={chromedriverVersion=2.25.426923 (0390b88869384d6eb0d5d09729679f934aab9eed), userDataDir=C:\Users\TANU~1.AIR\AppData\Local\Temp\scoped_dir11420_3461}, takesHeapSnapshot=true, pageLoadStrategy=normal, databaseEnabled=false, handlesAlerts=true, hasTouchScreen=false, version=57.0.2987.133, platform=XP, browserConnectionEnabled=false, nativeEvents=true, acceptSslCerts=true, locationContextEnabled=true, webStorageEnabled=true, browserName=chrome, takesScreenshot=true, javascriptEnabled=true, cssSelectorsEnabled=true}]
Session ID: 3994593d12f0fc99cb94cfc674904b9a">
      <![CDATA[org.openqa.selenium.WebDriverException: unknown error: cannot get automation extension
from unknown error: page could not be found: chrome-extension://aapnijgdinlhnhlmodcfapnahmbfebeb/_generated_background_page.html
  (Session info: chrome=57.0.2987.133)
  (Driver info: chromedriver=2.25.426923 (0390b88869384d6eb0d5d09729679f934aab9eed),platform=Windows NT 6.1.7601 SP1 x86_64) (WARNING: The server did not provide any stacktrace information)
Command duration or timeout: 10.04 seconds
Build info: version: '2.44.0', revision: '76d78cf', time: '2014-10-23 20:03:00'
System info: host: 'MUMW7L214', ip: '172.16.20.147', os.name: 'Windows 7', os.arch: 'amd64', os.version: '6.1', java.version: '1.8.0_51'
Driver info: org.openqa.selenium.chrome.ChromeDriver
Capabilities [{applicationCacheEnabled=false, rotatable=false, mobileEmulationEnabled=false, networkConnectionEnabled=false, chrome={chromedriverVersion=2.25.426923 (0390b88869384d6eb0d5d09729679f934aab9eed), userDataDir=C:\Users\TANU~1.AIR\AppData\Local\Temp\scoped_dir11420_3461}, takesHeapSnapshot=true, pageLoadStrategy=normal, databaseEnabled=false, handlesAlerts=true, hasTouchScreen=false, version=57.0.2987.133, platform=XP, browserConnectionEnabled=false, nativeEvents=true, acceptSslCerts=true, locationContextEnabled=true, webStorageEnabled=true, browserName=chrome, takesScreenshot=true, javascriptEnabled=true, cssSelectorsEnabled=true}]
Session ID: 3994593d12f0fc99cb94cfc674904b9a
	at org.openqa.selenium.remote.ErrorHandler.createThrowable(ErrorHandler.java:204)
	at org.openqa.selenium.remote.ErrorHandler.throwIfResponseFailed(ErrorHandler.java:156)
	at org.openqa.selenium.remote.RemoteWebDriver.execute(RemoteWebDriver.java:599)
	at org.openqa.selenium.remote.RemoteWebDriver$RemoteWebDriverOptions$RemoteWindow.maximize(RemoteWebDriver.java:829)
	at com.vc.utility.BrowserMethods.endClass1(BrowserMethods.java:156)
... Removed 25 stack frames]]>
    </failure>
  </testcase> <!-- @AfterTest endClass1 -->
  <testcase name="testHeader" time="11.77" classname="com.vc.test.SanityTestCases"/>
  <testcase name="testSlideShow" time="1.098" classname="com.vc.test.SanityTestCases"/>
  <testcase name="testVIPTitle" time="1.102" classname="com.vc.test.SanityTestCases"/>
  <testcase name="testVIPImage" time="1.068" classname="com.vc.test.SanityTestCases"/>
  <testcase name="testVIPMessage" time="1.097" classname="com.vc.test.SanityTestCases"/>
  <testcase name="testVIPSignature" time="1.113" classname="com.vc.test.SanityTestCases"/>
  <testcase name="testMyQueue" time="1.105" classname="com.vc.test.SanityTestCases"/>
  <testcase name="testSettings" time="7.362" classname="com.vc.test.SanityTestCases"/>
  <testcase name="checkClickSyncManager" time="7.349" classname="com.vc.test.SanityTestCases"/>
  <testcase name="checkAccessCodeWindowUI" time="4.398" classname="com.vc.test.SanityTestCases"/>
  <testcase name="verifyHeaderOnAccessCode" time="0.045" classname="com.vc.test.SanityTestCases"/>
  <testcase name="verifyDefaultTextOnAccessCode" time="0.038" classname="com.vc.test.SanityTestCases"/>
  <testcase name="checkNextBtnStatus" time="2.355" classname="com.vc.test.SanityTestCases"/>
  <testcase name="checkErrorMessages" time="6.613" classname="com.vc.test.SanityTestCases"/>
  <testcase name="checkCorrectAccessCode" time="4.546" classname="com.vc.test.SanityTestCases"/>
  <testcase name="verifySearchLabel" time="1.135" classname="com.vc.test.SanityTestCases"/>
  <testcase name="CheckEmptyMessageOnModuleCompletionTab" time="0.02" classname="com.vc.test.SanityTestCases"/>
  <testcase name="SyncedTabHeaders" time="10.536" classname="com.vc.test.SanityTestCases">
    <failure type="java.lang.AssertionError" message="Headers on Synced Tab Not Found ">
      <![CDATA[java.lang.AssertionError: Headers on Synced Tab Not Found 
	at com.vc.utility.WebAppCommon.waitForElementPresentByXpath(WebAppCommon.java:650)
	at com.vc.task.VCPage.verifySyncedTabHeaders(VCPage.java:510)
	at com.vc.test.SanityTestCases.SyncedTabHeaders(SanityTestCases.java:190)
... Removed 25 stack frames]]>
    </failure>
  </testcase> <!-- SyncedTabHeaders -->
  <testcase name="CheckEmptyMessageSyncedTab" time="4.01" classname="com.vc.test.SanityTestCases"/>
  <testcase name="SyncedErrorTabHeaders" time="4.03" classname="com.vc.test.SanityTestCases">
    <failure type="java.lang.AssertionError" message="SyncedError Tab Not Found ">
      <![CDATA[java.lang.AssertionError: SyncedError Tab Not Found 
	at com.vc.utility.WebAppCommon.waitForElementPresentByXpath(WebAppCommon.java:650)
	at com.vc.utility.WebAppCommon.clickIdentifierXpath(WebAppCommon.java:451)
	at com.vc.task.VCPage.verifySyncedErrorTabHeaders(VCPage.java:1590)
	at com.vc.test.SanityTestCases.SyncedErrorTabHeaders(SanityTestCases.java:208)
... Removed 25 stack frames]]>
    </failure>
  </testcase> <!-- SyncedErrorTabHeaders -->
  <testcase name="CheckEmptyMessageSyncedErrorTab" time="4.0" classname="com.vc.test.SanityTestCases"/>
  <testcase name="verifyMyQueueHeader" time="4.014" classname="com.vc.test.SanityTestCases">
    <failure type="java.lang.AssertionError" message="Module Completion Status Tab Not Found ">
      <![CDATA[java.lang.AssertionError: Module Completion Status Tab Not Found 
	at com.vc.utility.WebAppCommon.waitForElementPresentByXpath(WebAppCommon.java:650)
	at com.vc.utility.WebAppCommon.clickIdentifierXpath(WebAppCommon.java:451)
	at com.vc.task.MyQueue.clickMYQueue(MyQueue.java:27)
	at com.vc.test.SanityTestCases.verifyMyQueueHeader(SanityTestCases.java:227)
... Removed 25 stack frames]]>
    </failure>
  </testcase> <!-- verifyMyQueueHeader -->
  <testcase name="verifyToggleBtn" time="4.012" classname="com.vc.test.SanityTestCases">
    <failure type="java.lang.AssertionError" message="Toggle Btn Not Found ">
      <![CDATA[java.lang.AssertionError: Toggle Btn Not Found 
	at com.vc.utility.WebAppCommon.waitForElementPresentByXpath(WebAppCommon.java:650)
	at com.vc.task.MyQueue.checkToggleBtn(MyQueue.java:52)
	at com.vc.test.SanityTestCases.verifyToggleBtn(SanityTestCases.java:244)
... Removed 25 stack frames]]>
    </failure>
  </testcase> <!-- verifyToggleBtn -->
  <testcase name="verifySearchFilter" time="4.013" classname="com.vc.test.SanityTestCases">
    <failure type="java.lang.AssertionError" message="Search Filter Not Found ">
      <![CDATA[java.lang.AssertionError: Search Filter Not Found 
	at com.vc.utility.WebAppCommon.waitForElementPresentByXpath(WebAppCommon.java:650)
	at com.vc.task.MyQueue.checkSearchFilter(MyQueue.java:62)
	at com.vc.test.SanityTestCases.verifySearchFilter(SanityTestCases.java:254)
... Removed 25 stack frames]]>
    </failure>
  </testcase> <!-- verifySearchFilter -->
  <testcase name="verifyQueueHeaders" time="4.049" classname="com.vc.test.SanityTestCases">
    <failure type="org.openqa.selenium.WebDriverException" message="chrome not reachable
  (Session info: content shell=)
  (Driver info: chromedriver=2.25.426923 (0390b88869384d6eb0d5d09729679f934aab9eed),platform=Windows NT 6.1.7601 SP1 x86_64) (WARNING: The server did not provide any stacktrace information)
Command duration or timeout: 4.05 seconds
Build info: version: &amp;apos;2.44.0&amp;apos;, revision: &amp;apos;76d78cf&amp;apos;, time: &amp;apos;2014-10-23 20:03:00&amp;apos;
System info: host: &amp;apos;MUMW7L214&amp;apos;, ip: &amp;apos;172.16.20.147&amp;apos;, os.name: &amp;apos;Windows 7&amp;apos;, os.arch: &amp;apos;amd64&amp;apos;, os.version: &amp;apos;6.1&amp;apos;, java.version: &amp;apos;1.8.0_51&amp;apos;
Driver info: org.openqa.selenium.chrome.ChromeDriver
Capabilities [{applicationCacheEnabled=false, rotatable=false, mobileEmulationEnabled=false, networkConnectionEnabled=false, chrome={chromedriverVersion=2.25.426923 (0390b88869384d6eb0d5d09729679f934aab9eed), userDataDir=C:\Users\TANU~1.AIR\AppData\Local\Temp\scoped_dir8828_17037}, takesHeapSnapshot=true, pageLoadStrategy=normal, databaseEnabled=false, handlesAlerts=true, hasTouchScreen=false, version=, platform=XP, browserConnectionEnabled=false, nativeEvents=true, acceptSslCerts=true, locationContextEnabled=true, webStorageEnabled=true, browserName=chrome, takesScreenshot=true, javascriptEnabled=true, cssSelectorsEnabled=true}]
Session ID: bc6c9599d04bd17a4ffedd60b2b06416">
      <![CDATA[org.openqa.selenium.WebDriverException: chrome not reachable
  (Session info: content shell=)
  (Driver info: chromedriver=2.25.426923 (0390b88869384d6eb0d5d09729679f934aab9eed),platform=Windows NT 6.1.7601 SP1 x86_64) (WARNING: The server did not provide any stacktrace information)
Command duration or timeout: 4.05 seconds
Build info: version: '2.44.0', revision: '76d78cf', time: '2014-10-23 20:03:00'
System info: host: 'MUMW7L214', ip: '172.16.20.147', os.name: 'Windows 7', os.arch: 'amd64', os.version: '6.1', java.version: '1.8.0_51'
Driver info: org.openqa.selenium.chrome.ChromeDriver
Capabilities [{applicationCacheEnabled=false, rotatable=false, mobileEmulationEnabled=false, networkConnectionEnabled=false, chrome={chromedriverVersion=2.25.426923 (0390b88869384d6eb0d5d09729679f934aab9eed), userDataDir=C:\Users\TANU~1.AIR\AppData\Local\Temp\scoped_dir8828_17037}, takesHeapSnapshot=true, pageLoadStrategy=normal, databaseEnabled=false, handlesAlerts=true, hasTouchScreen=false, version=, platform=XP, browserConnectionEnabled=false, nativeEvents=true, acceptSslCerts=true, locationContextEnabled=true, webStorageEnabled=true, browserName=chrome, takesScreenshot=true, javascriptEnabled=true, cssSelectorsEnabled=true}]
Session ID: bc6c9599d04bd17a4ffedd60b2b06416
	at org.openqa.selenium.remote.ErrorHandler.createThrowable(ErrorHandler.java:204)
	at org.openqa.selenium.remote.ErrorHandler.throwIfResponseFailed(ErrorHandler.java:156)
	at org.openqa.selenium.remote.RemoteWebDriver.execute(RemoteWebDriver.java:599)
	at org.openqa.selenium.remote.RemoteWebDriver.findElements(RemoteWebDriver.java:377)
	at org.openqa.selenium.remote.RemoteWebDriver.findElementsByXPath(RemoteWebDriver.java:453)
	at org.openqa.selenium.By$ByXPath.findElements(By.java:352)
	at org.openqa.selenium.remote.RemoteWebDriver.findElements(RemoteWebDriver.java:340)
	at com.vc.task.MyQueue.checkModuleHeaders(MyQueue.java:78)
	at com.vc.test.SanityTestCases.verifyQueueHeaders(SanityTestCases.java:262)
... Removed 28 stack frames]]>
    </failure>
  </testcase> <!-- verifyQueueHeaders -->
  <testcase name="verifyLanguageHeader" time="4.018" classname="com.vc.test.SanityTestCases">
    <failure type="java.lang.AssertionError" message="My Queue Header Not Found ">
      <![CDATA[java.lang.AssertionError: My Queue Header Not Found 
	at com.vc.utility.WebAppCommon.waitForElementPresentByXpath(WebAppCommon.java:650)
	at com.vc.task.MyQueue.checkLanguageHeader(MyQueue.java:107)
	at com.vc.test.SanityTestCases.verifyLanguageHeader(SanityTestCases.java:271)
... Removed 25 stack frames]]>
    </failure>
  </testcase> <!-- verifyLanguageHeader -->
  <testcase name="verifyModTitle" time="4.033" classname="com.vc.test.SanityTestCases">
    <failure type="org.openqa.selenium.WebDriverException" message="chrome not reachable
  (Session info: content shell=)
  (Driver info: chromedriver=2.25.426923 (0390b88869384d6eb0d5d09729679f934aab9eed),platform=Windows NT 6.1.7601 SP1 x86_64) (WARNING: The server did not provide any stacktrace information)
Command duration or timeout: 4.03 seconds
Build info: version: &amp;apos;2.44.0&amp;apos;, revision: &amp;apos;76d78cf&amp;apos;, time: &amp;apos;2014-10-23 20:03:00&amp;apos;
System info: host: &amp;apos;MUMW7L214&amp;apos;, ip: &amp;apos;172.16.20.147&amp;apos;, os.name: &amp;apos;Windows 7&amp;apos;, os.arch: &amp;apos;amd64&amp;apos;, os.version: &amp;apos;6.1&amp;apos;, java.version: &amp;apos;1.8.0_51&amp;apos;
Driver info: org.openqa.selenium.chrome.ChromeDriver
Capabilities [{applicationCacheEnabled=false, rotatable=false, mobileEmulationEnabled=false, networkConnectionEnabled=false, chrome={chromedriverVersion=2.25.426923 (0390b88869384d6eb0d5d09729679f934aab9eed), userDataDir=C:\Users\TANU~1.AIR\AppData\Local\Temp\scoped_dir8828_17037}, takesHeapSnapshot=true, pageLoadStrategy=normal, databaseEnabled=false, handlesAlerts=true, hasTouchScreen=false, version=, platform=XP, browserConnectionEnabled=false, nativeEvents=true, acceptSslCerts=true, locationContextEnabled=true, webStorageEnabled=true, browserName=chrome, takesScreenshot=true, javascriptEnabled=true, cssSelectorsEnabled=true}]
Session ID: bc6c9599d04bd17a4ffedd60b2b06416">
      <![CDATA[org.openqa.selenium.WebDriverException: chrome not reachable
  (Session info: content shell=)
  (Driver info: chromedriver=2.25.426923 (0390b88869384d6eb0d5d09729679f934aab9eed),platform=Windows NT 6.1.7601 SP1 x86_64) (WARNING: The server did not provide any stacktrace information)
Command duration or timeout: 4.03 seconds
Build info: version: '2.44.0', revision: '76d78cf', time: '2014-10-23 20:03:00'
System info: host: 'MUMW7L214', ip: '172.16.20.147', os.name: 'Windows 7', os.arch: 'amd64', os.version: '6.1', java.version: '1.8.0_51'
Driver info: org.openqa.selenium.chrome.ChromeDriver
Capabilities [{applicationCacheEnabled=false, rotatable=false, mobileEmulationEnabled=false, networkConnectionEnabled=false, chrome={chromedriverVersion=2.25.426923 (0390b88869384d6eb0d5d09729679f934aab9eed), userDataDir=C:\Users\TANU~1.AIR\AppData\Local\Temp\scoped_dir8828_17037}, takesHeapSnapshot=true, pageLoadStrategy=normal, databaseEnabled=false, handlesAlerts=true, hasTouchScreen=false, version=, platform=XP, browserConnectionEnabled=false, nativeEvents=true, acceptSslCerts=true, locationContextEnabled=true, webStorageEnabled=true, browserName=chrome, takesScreenshot=true, javascriptEnabled=true, cssSelectorsEnabled=true}]
Session ID: bc6c9599d04bd17a4ffedd60b2b06416
	at org.openqa.selenium.remote.ErrorHandler.createThrowable(ErrorHandler.java:204)
	at org.openqa.selenium.remote.ErrorHandler.throwIfResponseFailed(ErrorHandler.java:156)
	at org.openqa.selenium.remote.RemoteWebDriver.execute(RemoteWebDriver.java:599)
	at org.openqa.selenium.remote.RemoteWebDriver.findElements(RemoteWebDriver.java:377)
	at org.openqa.selenium.remote.RemoteWebDriver.findElementsByXPath(RemoteWebDriver.java:453)
	at org.openqa.selenium.By$ByXPath.findElements(By.java:352)
	at org.openqa.selenium.remote.RemoteWebDriver.findElements(RemoteWebDriver.java:340)
	at com.vc.task.MyQueue.checkModuleTitle(MyQueue.java:118)
	at com.vc.test.SanityTestCases.verifyModTitle(SanityTestCases.java:279)
... Removed 27 stack frames]]>
    </failure>
  </testcase> <!-- verifyModTitle -->
  <testcase name="verifyModID" time="4.05" classname="com.vc.test.SanityTestCases">
    <failure type="org.openqa.selenium.WebDriverException" message="chrome not reachable
  (Session info: content shell=)
  (Driver info: chromedriver=2.25.426923 (0390b88869384d6eb0d5d09729679f934aab9eed),platform=Windows NT 6.1.7601 SP1 x86_64) (WARNING: The server did not provide any stacktrace information)
Command duration or timeout: 4.05 seconds
Build info: version: &amp;apos;2.44.0&amp;apos;, revision: &amp;apos;76d78cf&amp;apos;, time: &amp;apos;2014-10-23 20:03:00&amp;apos;
System info: host: &amp;apos;MUMW7L214&amp;apos;, ip: &amp;apos;172.16.20.147&amp;apos;, os.name: &amp;apos;Windows 7&amp;apos;, os.arch: &amp;apos;amd64&amp;apos;, os.version: &amp;apos;6.1&amp;apos;, java.version: &amp;apos;1.8.0_51&amp;apos;
Driver info: org.openqa.selenium.chrome.ChromeDriver
Capabilities [{applicationCacheEnabled=false, rotatable=false, mobileEmulationEnabled=false, networkConnectionEnabled=false, chrome={chromedriverVersion=2.25.426923 (0390b88869384d6eb0d5d09729679f934aab9eed), userDataDir=C:\Users\TANU~1.AIR\AppData\Local\Temp\scoped_dir8828_17037}, takesHeapSnapshot=true, pageLoadStrategy=normal, databaseEnabled=false, handlesAlerts=true, hasTouchScreen=false, version=, platform=XP, browserConnectionEnabled=false, nativeEvents=true, acceptSslCerts=true, locationContextEnabled=true, webStorageEnabled=true, browserName=chrome, takesScreenshot=true, javascriptEnabled=true, cssSelectorsEnabled=true}]
Session ID: bc6c9599d04bd17a4ffedd60b2b06416">
      <![CDATA[org.openqa.selenium.WebDriverException: chrome not reachable
  (Session info: content shell=)
  (Driver info: chromedriver=2.25.426923 (0390b88869384d6eb0d5d09729679f934aab9eed),platform=Windows NT 6.1.7601 SP1 x86_64) (WARNING: The server did not provide any stacktrace information)
Command duration or timeout: 4.05 seconds
Build info: version: '2.44.0', revision: '76d78cf', time: '2014-10-23 20:03:00'
System info: host: 'MUMW7L214', ip: '172.16.20.147', os.name: 'Windows 7', os.arch: 'amd64', os.version: '6.1', java.version: '1.8.0_51'
Driver info: org.openqa.selenium.chrome.ChromeDriver
Capabilities [{applicationCacheEnabled=false, rotatable=false, mobileEmulationEnabled=false, networkConnectionEnabled=false, chrome={chromedriverVersion=2.25.426923 (0390b88869384d6eb0d5d09729679f934aab9eed), userDataDir=C:\Users\TANU~1.AIR\AppData\Local\Temp\scoped_dir8828_17037}, takesHeapSnapshot=true, pageLoadStrategy=normal, databaseEnabled=false, handlesAlerts=true, hasTouchScreen=false, version=, platform=XP, browserConnectionEnabled=false, nativeEvents=true, acceptSslCerts=true, locationContextEnabled=true, webStorageEnabled=true, browserName=chrome, takesScreenshot=true, javascriptEnabled=true, cssSelectorsEnabled=true}]
Session ID: bc6c9599d04bd17a4ffedd60b2b06416
	at org.openqa.selenium.remote.ErrorHandler.createThrowable(ErrorHandler.java:204)
	at org.openqa.selenium.remote.ErrorHandler.throwIfResponseFailed(ErrorHandler.java:156)
	at org.openqa.selenium.remote.RemoteWebDriver.execute(RemoteWebDriver.java:599)
	at org.openqa.selenium.remote.RemoteWebDriver.findElements(RemoteWebDriver.java:377)
	at org.openqa.selenium.remote.RemoteWebDriver.findElementsByXPath(RemoteWebDriver.java:453)
	at org.openqa.selenium.By$ByXPath.findElements(By.java:352)
	at org.openqa.selenium.remote.RemoteWebDriver.findElements(RemoteWebDriver.java:340)
	at com.vc.task.MyQueue.checkModID(MyQueue.java:203)
	at com.vc.test.SanityTestCases.verifyModID(SanityTestCases.java:287)
... Removed 27 stack frames]]>
    </failure>
  </testcase> <!-- verifyModID -->
  <testcase name="verifyImageView" time="4.014" classname="com.vc.test.SanityTestCases">
    <failure type="java.lang.AssertionError" message="Toggle View Btn Not Found ">
      <![CDATA[java.lang.AssertionError: Toggle View Btn Not Found 
	at com.vc.utility.WebAppCommon.waitForElementPresentByXpath(WebAppCommon.java:650)
	at com.vc.utility.WebAppCommon.clickIdentifierXpath(WebAppCommon.java:451)
	at com.vc.task.MyQueue.changetoImageView(MyQueue.java:133)
	at com.vc.test.SanityTestCases.verifyImageView(SanityTestCases.java:298)
... Removed 25 stack frames]]>
    </failure>
  </testcase> <!-- verifyImageView -->
  <testcase name="verifyModuleTitleOnImageView" time="4.02" classname="com.vc.test.SanityTestCases">
    <failure type="org.openqa.selenium.WebDriverException" message="chrome not reachable
  (Session info: content shell=)
  (Driver info: chromedriver=2.25.426923 (0390b88869384d6eb0d5d09729679f934aab9eed),platform=Windows NT 6.1.7601 SP1 x86_64) (WARNING: The server did not provide any stacktrace information)
Command duration or timeout: 4.02 seconds
Build info: version: &amp;apos;2.44.0&amp;apos;, revision: &amp;apos;76d78cf&amp;apos;, time: &amp;apos;2014-10-23 20:03:00&amp;apos;
System info: host: &amp;apos;MUMW7L214&amp;apos;, ip: &amp;apos;172.16.20.147&amp;apos;, os.name: &amp;apos;Windows 7&amp;apos;, os.arch: &amp;apos;amd64&amp;apos;, os.version: &amp;apos;6.1&amp;apos;, java.version: &amp;apos;1.8.0_51&amp;apos;
Driver info: org.openqa.selenium.chrome.ChromeDriver
Capabilities [{applicationCacheEnabled=false, rotatable=false, mobileEmulationEnabled=false, networkConnectionEnabled=false, chrome={chromedriverVersion=2.25.426923 (0390b88869384d6eb0d5d09729679f934aab9eed), userDataDir=C:\Users\TANU~1.AIR\AppData\Local\Temp\scoped_dir8828_17037}, takesHeapSnapshot=true, pageLoadStrategy=normal, databaseEnabled=false, handlesAlerts=true, hasTouchScreen=false, version=, platform=XP, browserConnectionEnabled=false, nativeEvents=true, acceptSslCerts=true, locationContextEnabled=true, webStorageEnabled=true, browserName=chrome, takesScreenshot=true, javascriptEnabled=true, cssSelectorsEnabled=true}]
Session ID: bc6c9599d04bd17a4ffedd60b2b06416">
      <![CDATA[org.openqa.selenium.WebDriverException: chrome not reachable
  (Session info: content shell=)
  (Driver info: chromedriver=2.25.426923 (0390b88869384d6eb0d5d09729679f934aab9eed),platform=Windows NT 6.1.7601 SP1 x86_64) (WARNING: The server did not provide any stacktrace information)
Command duration or timeout: 4.02 seconds
Build info: version: '2.44.0', revision: '76d78cf', time: '2014-10-23 20:03:00'
System info: host: 'MUMW7L214', ip: '172.16.20.147', os.name: 'Windows 7', os.arch: 'amd64', os.version: '6.1', java.version: '1.8.0_51'
Driver info: org.openqa.selenium.chrome.ChromeDriver
Capabilities [{applicationCacheEnabled=false, rotatable=false, mobileEmulationEnabled=false, networkConnectionEnabled=false, chrome={chromedriverVersion=2.25.426923 (0390b88869384d6eb0d5d09729679f934aab9eed), userDataDir=C:\Users\TANU~1.AIR\AppData\Local\Temp\scoped_dir8828_17037}, takesHeapSnapshot=true, pageLoadStrategy=normal, databaseEnabled=false, handlesAlerts=true, hasTouchScreen=false, version=, platform=XP, browserConnectionEnabled=false, nativeEvents=true, acceptSslCerts=true, locationContextEnabled=true, webStorageEnabled=true, browserName=chrome, takesScreenshot=true, javascriptEnabled=true, cssSelectorsEnabled=true}]
Session ID: bc6c9599d04bd17a4ffedd60b2b06416
	at org.openqa.selenium.remote.ErrorHandler.createThrowable(ErrorHandler.java:204)
	at org.openqa.selenium.remote.ErrorHandler.throwIfResponseFailed(ErrorHandler.java:156)
	at org.openqa.selenium.remote.RemoteWebDriver.execute(RemoteWebDriver.java:599)
	at org.openqa.selenium.remote.RemoteWebDriver.findElements(RemoteWebDriver.java:377)
	at org.openqa.selenium.remote.RemoteWebDriver.findElementsByXPath(RemoteWebDriver.java:453)
	at org.openqa.selenium.By$ByXPath.findElements(By.java:352)
	at org.openqa.selenium.remote.RemoteWebDriver.findElements(RemoteWebDriver.java:340)
	at com.vc.task.MyQueue.checkModTitleOnImageView(MyQueue.java:173)
	at com.vc.test.SanityTestCases.verifyModuleTitleOnImageView(SanityTestCases.java:311)
... Removed 27 stack frames]]>
    </failure>
  </testcase> <!-- verifyModuleTitleOnImageView -->
  <testcase name="verifyModuleIDOnImageView" time="4.013" classname="com.vc.test.SanityTestCases">
    <failure type="org.openqa.selenium.WebDriverException" message="chrome not reachable
  (Session info: content shell=)
  (Driver info: chromedriver=2.25.426923 (0390b88869384d6eb0d5d09729679f934aab9eed),platform=Windows NT 6.1.7601 SP1 x86_64) (WARNING: The server did not provide any stacktrace information)
Command duration or timeout: 4.01 seconds
Build info: version: &amp;apos;2.44.0&amp;apos;, revision: &amp;apos;76d78cf&amp;apos;, time: &amp;apos;2014-10-23 20:03:00&amp;apos;
System info: host: &amp;apos;MUMW7L214&amp;apos;, ip: &amp;apos;172.16.20.147&amp;apos;, os.name: &amp;apos;Windows 7&amp;apos;, os.arch: &amp;apos;amd64&amp;apos;, os.version: &amp;apos;6.1&amp;apos;, java.version: &amp;apos;1.8.0_51&amp;apos;
Driver info: org.openqa.selenium.chrome.ChromeDriver
Capabilities [{applicationCacheEnabled=false, rotatable=false, mobileEmulationEnabled=false, networkConnectionEnabled=false, chrome={chromedriverVersion=2.25.426923 (0390b88869384d6eb0d5d09729679f934aab9eed), userDataDir=C:\Users\TANU~1.AIR\AppData\Local\Temp\scoped_dir8828_17037}, takesHeapSnapshot=true, pageLoadStrategy=normal, databaseEnabled=false, handlesAlerts=true, hasTouchScreen=false, version=, platform=XP, browserConnectionEnabled=false, nativeEvents=true, acceptSslCerts=true, locationContextEnabled=true, webStorageEnabled=true, browserName=chrome, takesScreenshot=true, javascriptEnabled=true, cssSelectorsEnabled=true}]
Session ID: bc6c9599d04bd17a4ffedd60b2b06416">
      <![CDATA[org.openqa.selenium.WebDriverException: chrome not reachable
  (Session info: content shell=)
  (Driver info: chromedriver=2.25.426923 (0390b88869384d6eb0d5d09729679f934aab9eed),platform=Windows NT 6.1.7601 SP1 x86_64) (WARNING: The server did not provide any stacktrace information)
Command duration or timeout: 4.01 seconds
Build info: version: '2.44.0', revision: '76d78cf', time: '2014-10-23 20:03:00'
System info: host: 'MUMW7L214', ip: '172.16.20.147', os.name: 'Windows 7', os.arch: 'amd64', os.version: '6.1', java.version: '1.8.0_51'
Driver info: org.openqa.selenium.chrome.ChromeDriver
Capabilities [{applicationCacheEnabled=false, rotatable=false, mobileEmulationEnabled=false, networkConnectionEnabled=false, chrome={chromedriverVersion=2.25.426923 (0390b88869384d6eb0d5d09729679f934aab9eed), userDataDir=C:\Users\TANU~1.AIR\AppData\Local\Temp\scoped_dir8828_17037}, takesHeapSnapshot=true, pageLoadStrategy=normal, databaseEnabled=false, handlesAlerts=true, hasTouchScreen=false, version=, platform=XP, browserConnectionEnabled=false, nativeEvents=true, acceptSslCerts=true, locationContextEnabled=true, webStorageEnabled=true, browserName=chrome, takesScreenshot=true, javascriptEnabled=true, cssSelectorsEnabled=true}]
Session ID: bc6c9599d04bd17a4ffedd60b2b06416
	at org.openqa.selenium.remote.ErrorHandler.createThrowable(ErrorHandler.java:204)
	at org.openqa.selenium.remote.ErrorHandler.throwIfResponseFailed(ErrorHandler.java:156)
	at org.openqa.selenium.remote.RemoteWebDriver.execute(RemoteWebDriver.java:599)
	at org.openqa.selenium.remote.RemoteWebDriver.findElements(RemoteWebDriver.java:377)
	at org.openqa.selenium.remote.RemoteWebDriver.findElementsByXPath(RemoteWebDriver.java:453)
	at org.openqa.selenium.By$ByXPath.findElements(By.java:352)
	at org.openqa.selenium.remote.RemoteWebDriver.findElements(RemoteWebDriver.java:340)
	at com.vc.task.MyQueue.checkModIDOnImageView(MyQueue.java:188)
	at com.vc.test.SanityTestCases.verifyModuleIDOnImageView(SanityTestCases.java:319)
... Removed 27 stack frames]]>
    </failure>
  </testcase> <!-- verifyModuleIDOnImageView -->
  <testcase name="verifyCourseDesc" time="4.012" classname="com.vc.test.SanityTestCases">
    <failure type="org.openqa.selenium.WebDriverException" message="chrome not reachable
  (Session info: content shell=)
  (Driver info: chromedriver=2.25.426923 (0390b88869384d6eb0d5d09729679f934aab9eed),platform=Windows NT 6.1.7601 SP1 x86_64) (WARNING: The server did not provide any stacktrace information)
Command duration or timeout: 4.01 seconds
Build info: version: &amp;apos;2.44.0&amp;apos;, revision: &amp;apos;76d78cf&amp;apos;, time: &amp;apos;2014-10-23 20:03:00&amp;apos;
System info: host: &amp;apos;MUMW7L214&amp;apos;, ip: &amp;apos;172.16.20.147&amp;apos;, os.name: &amp;apos;Windows 7&amp;apos;, os.arch: &amp;apos;amd64&amp;apos;, os.version: &amp;apos;6.1&amp;apos;, java.version: &amp;apos;1.8.0_51&amp;apos;
Driver info: org.openqa.selenium.chrome.ChromeDriver
Capabilities [{applicationCacheEnabled=false, rotatable=false, mobileEmulationEnabled=false, networkConnectionEnabled=false, chrome={chromedriverVersion=2.25.426923 (0390b88869384d6eb0d5d09729679f934aab9eed), userDataDir=C:\Users\TANU~1.AIR\AppData\Local\Temp\scoped_dir8828_17037}, takesHeapSnapshot=true, pageLoadStrategy=normal, databaseEnabled=false, handlesAlerts=true, hasTouchScreen=false, version=, platform=XP, browserConnectionEnabled=false, nativeEvents=true, acceptSslCerts=true, locationContextEnabled=true, webStorageEnabled=true, browserName=chrome, takesScreenshot=true, javascriptEnabled=true, cssSelectorsEnabled=true}]
Session ID: bc6c9599d04bd17a4ffedd60b2b06416">
      <![CDATA[org.openqa.selenium.WebDriverException: chrome not reachable
  (Session info: content shell=)
  (Driver info: chromedriver=2.25.426923 (0390b88869384d6eb0d5d09729679f934aab9eed),platform=Windows NT 6.1.7601 SP1 x86_64) (WARNING: The server did not provide any stacktrace information)
Command duration or timeout: 4.01 seconds
Build info: version: '2.44.0', revision: '76d78cf', time: '2014-10-23 20:03:00'
System info: host: 'MUMW7L214', ip: '172.16.20.147', os.name: 'Windows 7', os.arch: 'amd64', os.version: '6.1', java.version: '1.8.0_51'
Driver info: org.openqa.selenium.chrome.ChromeDriver
Capabilities [{applicationCacheEnabled=false, rotatable=false, mobileEmulationEnabled=false, networkConnectionEnabled=false, chrome={chromedriverVersion=2.25.426923 (0390b88869384d6eb0d5d09729679f934aab9eed), userDataDir=C:\Users\TANU~1.AIR\AppData\Local\Temp\scoped_dir8828_17037}, takesHeapSnapshot=true, pageLoadStrategy=normal, databaseEnabled=false, handlesAlerts=true, hasTouchScreen=false, version=, platform=XP, browserConnectionEnabled=false, nativeEvents=true, acceptSslCerts=true, locationContextEnabled=true, webStorageEnabled=true, browserName=chrome, takesScreenshot=true, javascriptEnabled=true, cssSelectorsEnabled=true}]
Session ID: bc6c9599d04bd17a4ffedd60b2b06416
	at org.openqa.selenium.remote.ErrorHandler.createThrowable(ErrorHandler.java:204)
	at org.openqa.selenium.remote.ErrorHandler.throwIfResponseFailed(ErrorHandler.java:156)
	at org.openqa.selenium.remote.RemoteWebDriver.execute(RemoteWebDriver.java:599)
	at org.openqa.selenium.remote.RemoteWebDriver.findElements(RemoteWebDriver.java:377)
	at org.openqa.selenium.remote.RemoteWebDriver.findElementsByXPath(RemoteWebDriver.java:453)
	at org.openqa.selenium.By$ByXPath.findElements(By.java:352)
	at org.openqa.selenium.remote.RemoteWebDriver.findElements(RemoteWebDriver.java:340)
	at com.vc.task.MyQueue.checkCourseDesc(MyQueue.java:220)
	at com.vc.test.SanityTestCases.verifyCourseDesc(SanityTestCases.java:327)
... Removed 27 stack frames]]>
    </failure>
  </testcase> <!-- verifyCourseDesc -->
  <testcase name="moduleClick" time="4.021" classname="com.vc.test.SanityTestCases">
    <failure type="org.openqa.selenium.WebDriverException" message="chrome not reachable
  (Session info: content shell=)
  (Driver info: chromedriver=2.25.426923 (0390b88869384d6eb0d5d09729679f934aab9eed),platform=Windows NT 6.1.7601 SP1 x86_64) (WARNING: The server did not provide any stacktrace information)
Command duration or timeout: 4.01 seconds
Build info: version: &amp;apos;2.44.0&amp;apos;, revision: &amp;apos;76d78cf&amp;apos;, time: &amp;apos;2014-10-23 20:03:00&amp;apos;
System info: host: &amp;apos;MUMW7L214&amp;apos;, ip: &amp;apos;172.16.20.147&amp;apos;, os.name: &amp;apos;Windows 7&amp;apos;, os.arch: &amp;apos;amd64&amp;apos;, os.version: &amp;apos;6.1&amp;apos;, java.version: &amp;apos;1.8.0_51&amp;apos;
Driver info: org.openqa.selenium.chrome.ChromeDriver
Capabilities [{applicationCacheEnabled=false, rotatable=false, mobileEmulationEnabled=false, networkConnectionEnabled=false, chrome={chromedriverVersion=2.25.426923 (0390b88869384d6eb0d5d09729679f934aab9eed), userDataDir=C:\Users\TANU~1.AIR\AppData\Local\Temp\scoped_dir8828_17037}, takesHeapSnapshot=true, pageLoadStrategy=normal, databaseEnabled=false, handlesAlerts=true, hasTouchScreen=false, version=, platform=XP, browserConnectionEnabled=false, nativeEvents=true, acceptSslCerts=true, locationContextEnabled=true, webStorageEnabled=true, browserName=chrome, takesScreenshot=true, javascriptEnabled=true, cssSelectorsEnabled=true}]
Session ID: bc6c9599d04bd17a4ffedd60b2b06416">
      <![CDATA[org.openqa.selenium.WebDriverException: chrome not reachable
  (Session info: content shell=)
  (Driver info: chromedriver=2.25.426923 (0390b88869384d6eb0d5d09729679f934aab9eed),platform=Windows NT 6.1.7601 SP1 x86_64) (WARNING: The server did not provide any stacktrace information)
Command duration or timeout: 4.01 seconds
Build info: version: '2.44.0', revision: '76d78cf', time: '2014-10-23 20:03:00'
System info: host: 'MUMW7L214', ip: '172.16.20.147', os.name: 'Windows 7', os.arch: 'amd64', os.version: '6.1', java.version: '1.8.0_51'
Driver info: org.openqa.selenium.chrome.ChromeDriver
Capabilities [{applicationCacheEnabled=false, rotatable=false, mobileEmulationEnabled=false, networkConnectionEnabled=false, chrome={chromedriverVersion=2.25.426923 (0390b88869384d6eb0d5d09729679f934aab9eed), userDataDir=C:\Users\TANU~1.AIR\AppData\Local\Temp\scoped_dir8828_17037}, takesHeapSnapshot=true, pageLoadStrategy=normal, databaseEnabled=false, handlesAlerts=true, hasTouchScreen=false, version=, platform=XP, browserConnectionEnabled=false, nativeEvents=true, acceptSslCerts=true, locationContextEnabled=true, webStorageEnabled=true, browserName=chrome, takesScreenshot=true, javascriptEnabled=true, cssSelectorsEnabled=true}]
Session ID: bc6c9599d04bd17a4ffedd60b2b06416
	at org.openqa.selenium.remote.ErrorHandler.createThrowable(ErrorHandler.java:204)
	at org.openqa.selenium.remote.ErrorHandler.throwIfResponseFailed(ErrorHandler.java:156)
	at org.openqa.selenium.remote.RemoteWebDriver.execute(RemoteWebDriver.java:599)
	at org.openqa.selenium.remote.RemoteWebDriver.findElements(RemoteWebDriver.java:377)
	at org.openqa.selenium.remote.RemoteWebDriver.findElementsByXPath(RemoteWebDriver.java:453)
	at org.openqa.selenium.By$ByXPath.findElements(By.java:352)
	at org.openqa.selenium.remote.RemoteWebDriver.findElements(RemoteWebDriver.java:340)
	at com.vc.task.MyQueue.clickModule(MyQueue.java:278)
	at com.vc.test.SanityTestCases.moduleClick(SanityTestCases.java:336)
... Removed 27 stack frames]]>
    </failure>
  </testcase> <!-- moduleClick -->
  <testcase name="verifyModuleOverview" time="4.003" classname="com.vc.test.SanityTestCases">
    <failure type="org.openqa.selenium.WebDriverException" message="chrome not reachable
  (Session info: content shell=)
  (Driver info: chromedriver=2.25.426923 (0390b88869384d6eb0d5d09729679f934aab9eed),platform=Windows NT 6.1.7601 SP1 x86_64) (WARNING: The server did not provide any stacktrace information)
Command duration or timeout: 4.00 seconds
Build info: version: &amp;apos;2.44.0&amp;apos;, revision: &amp;apos;76d78cf&amp;apos;, time: &amp;apos;2014-10-23 20:03:00&amp;apos;
System info: host: &amp;apos;MUMW7L214&amp;apos;, ip: &amp;apos;172.16.20.147&amp;apos;, os.name: &amp;apos;Windows 7&amp;apos;, os.arch: &amp;apos;amd64&amp;apos;, os.version: &amp;apos;6.1&amp;apos;, java.version: &amp;apos;1.8.0_51&amp;apos;
Driver info: org.openqa.selenium.chrome.ChromeDriver
Capabilities [{applicationCacheEnabled=false, rotatable=false, mobileEmulationEnabled=false, networkConnectionEnabled=false, chrome={chromedriverVersion=2.25.426923 (0390b88869384d6eb0d5d09729679f934aab9eed), userDataDir=C:\Users\TANU~1.AIR\AppData\Local\Temp\scoped_dir8828_17037}, takesHeapSnapshot=true, pageLoadStrategy=normal, databaseEnabled=false, handlesAlerts=true, hasTouchScreen=false, version=, platform=XP, browserConnectionEnabled=false, nativeEvents=true, acceptSslCerts=true, locationContextEnabled=true, webStorageEnabled=true, browserName=chrome, takesScreenshot=true, javascriptEnabled=true, cssSelectorsEnabled=true}]
Session ID: bc6c9599d04bd17a4ffedd60b2b06416">
      <![CDATA[org.openqa.selenium.WebDriverException: chrome not reachable
  (Session info: content shell=)
  (Driver info: chromedriver=2.25.426923 (0390b88869384d6eb0d5d09729679f934aab9eed),platform=Windows NT 6.1.7601 SP1 x86_64) (WARNING: The server did not provide any stacktrace information)
Command duration or timeout: 4.00 seconds
Build info: version: '2.44.0', revision: '76d78cf', time: '2014-10-23 20:03:00'
System info: host: 'MUMW7L214', ip: '172.16.20.147', os.name: 'Windows 7', os.arch: 'amd64', os.version: '6.1', java.version: '1.8.0_51'
Driver info: org.openqa.selenium.chrome.ChromeDriver
Capabilities [{applicationCacheEnabled=false, rotatable=false, mobileEmulationEnabled=false, networkConnectionEnabled=false, chrome={chromedriverVersion=2.25.426923 (0390b88869384d6eb0d5d09729679f934aab9eed), userDataDir=C:\Users\TANU~1.AIR\AppData\Local\Temp\scoped_dir8828_17037}, takesHeapSnapshot=true, pageLoadStrategy=normal, databaseEnabled=false, handlesAlerts=true, hasTouchScreen=false, version=, platform=XP, browserConnectionEnabled=false, nativeEvents=true, acceptSslCerts=true, locationContextEnabled=true, webStorageEnabled=true, browserName=chrome, takesScreenshot=true, javascriptEnabled=true, cssSelectorsEnabled=true}]
Session ID: bc6c9599d04bd17a4ffedd60b2b06416
	at org.openqa.selenium.remote.ErrorHandler.createThrowable(ErrorHandler.java:204)
	at org.openqa.selenium.remote.ErrorHandler.throwIfResponseFailed(ErrorHandler.java:156)
	at org.openqa.selenium.remote.RemoteWebDriver.execute(RemoteWebDriver.java:599)
	at org.openqa.selenium.remote.RemoteWebDriver.findElement(RemoteWebDriver.java:352)
	at org.openqa.selenium.remote.RemoteWebDriver.findElementByXPath(RemoteWebDriver.java:449)
	at org.openqa.selenium.By$ByXPath.findElement(By.java:357)
	at org.openqa.selenium.remote.RemoteWebDriver.findElement(RemoteWebDriver.java:344)
	at com.vc.task.MyQueue.checkForMouleOverviewPage(MyQueue.java:296)
	at com.vc.test.SanityTestCases.verifyModuleOverview(SanityTestCases.java:344)
... Removed 27 stack frames]]>
    </failure>
  </testcase> <!-- verifyModuleOverview -->
  <testcase name="verifyUserNameInfoWindow" time="4.011" classname="com.vc.test.SanityTestCases">
    <failure type="java.lang.AssertionError" message="Next button on Module Overview Page Not Found ">
      <![CDATA[java.lang.AssertionError: Next button on Module Overview Page Not Found 
	at com.vc.utility.WebAppCommon.waitForElementPresentByID(WebAppCommon.java:558)
	at com.vc.utility.WebAppCommon.clickIdentifierByID(WebAppCommon.java:528)
	at com.vc.task.MyQueue.clickNextBtnModOverviewPage(MyQueue.java:339)
	at com.vc.test.SanityTestCases.verifyUserNameInfoWindow(SanityTestCases.java:352)
... Removed 25 stack frames]]>
    </failure>
  </testcase> <!-- verifyUserNameInfoWindow -->
  <testcase name="userInfo" time="6.017" classname="com.vc.test.SanityTestCases">
    <failure type="org.openqa.selenium.WebDriverException" message="chrome not reachable
  (Session info: content shell=)
  (Driver info: chromedriver=2.25.426923 (0390b88869384d6eb0d5d09729679f934aab9eed),platform=Windows NT 6.1.7601 SP1 x86_64) (WARNING: The server did not provide any stacktrace information)
Command duration or timeout: 4.02 seconds
Build info: version: &amp;apos;2.44.0&amp;apos;, revision: &amp;apos;76d78cf&amp;apos;, time: &amp;apos;2014-10-23 20:03:00&amp;apos;
System info: host: &amp;apos;MUMW7L214&amp;apos;, ip: &amp;apos;172.16.20.147&amp;apos;, os.name: &amp;apos;Windows 7&amp;apos;, os.arch: &amp;apos;amd64&amp;apos;, os.version: &amp;apos;6.1&amp;apos;, java.version: &amp;apos;1.8.0_51&amp;apos;
Driver info: org.openqa.selenium.chrome.ChromeDriver
Capabilities [{applicationCacheEnabled=false, rotatable=false, mobileEmulationEnabled=false, networkConnectionEnabled=false, chrome={chromedriverVersion=2.25.426923 (0390b88869384d6eb0d5d09729679f934aab9eed), userDataDir=C:\Users\TANU~1.AIR\AppData\Local\Temp\scoped_dir8828_17037}, takesHeapSnapshot=true, pageLoadStrategy=normal, databaseEnabled=false, handlesAlerts=true, hasTouchScreen=false, version=, platform=XP, browserConnectionEnabled=false, nativeEvents=true, acceptSslCerts=true, locationContextEnabled=true, webStorageEnabled=true, browserName=chrome, takesScreenshot=true, javascriptEnabled=true, cssSelectorsEnabled=true}]
Session ID: bc6c9599d04bd17a4ffedd60b2b06416">
      <![CDATA[org.openqa.selenium.WebDriverException: chrome not reachable
  (Session info: content shell=)
  (Driver info: chromedriver=2.25.426923 (0390b88869384d6eb0d5d09729679f934aab9eed),platform=Windows NT 6.1.7601 SP1 x86_64) (WARNING: The server did not provide any stacktrace information)
Command duration or timeout: 4.02 seconds
Build info: version: '2.44.0', revision: '76d78cf', time: '2014-10-23 20:03:00'
System info: host: 'MUMW7L214', ip: '172.16.20.147', os.name: 'Windows 7', os.arch: 'amd64', os.version: '6.1', java.version: '1.8.0_51'
Driver info: org.openqa.selenium.chrome.ChromeDriver
Capabilities [{applicationCacheEnabled=false, rotatable=false, mobileEmulationEnabled=false, networkConnectionEnabled=false, chrome={chromedriverVersion=2.25.426923 (0390b88869384d6eb0d5d09729679f934aab9eed), userDataDir=C:\Users\TANU~1.AIR\AppData\Local\Temp\scoped_dir8828_17037}, takesHeapSnapshot=true, pageLoadStrategy=normal, databaseEnabled=false, handlesAlerts=true, hasTouchScreen=false, version=, platform=XP, browserConnectionEnabled=false, nativeEvents=true, acceptSslCerts=true, locationContextEnabled=true, webStorageEnabled=true, browserName=chrome, takesScreenshot=true, javascriptEnabled=true, cssSelectorsEnabled=true}]
Session ID: bc6c9599d04bd17a4ffedd60b2b06416
	at org.openqa.selenium.remote.ErrorHandler.createThrowable(ErrorHandler.java:204)
	at org.openqa.selenium.remote.ErrorHandler.throwIfResponseFailed(ErrorHandler.java:156)
	at org.openqa.selenium.remote.RemoteWebDriver.execute(RemoteWebDriver.java:599)
	at org.openqa.selenium.remote.RemoteWebDriver.findElement(RemoteWebDriver.java:352)
	at org.openqa.selenium.remote.RemoteWebDriver.findElementById(RemoteWebDriver.java:393)
	at org.openqa.selenium.By$ById.findElement(By.java:214)
	at org.openqa.selenium.remote.RemoteWebDriver.findElement(RemoteWebDriver.java:344)
	at com.vc.task.MyQueue.enterNewUserName(MyQueue.java:373)
	at com.vc.test.SanityTestCases.userInfo(SanityTestCases.java:364)
... Removed 27 stack frames]]>
    </failure>
  </testcase> <!-- userInfo -->
  <testcase name="courseInProgress" time="4.032" classname="com.vc.test.SanityTestCases">
    <failure type="java.lang.AssertionError" message="Next Button on Course Not Found ">
      <![CDATA[java.lang.AssertionError: Next Button on Course Not Found 
	at com.vc.utility.WebAppCommon.waitForElementPresentByXpath(WebAppCommon.java:650)
	at com.vc.task.MyQueue.courseInProgress(MyQueue.java:565)
	at com.vc.test.SanityTestCases.courseInProgress(SanityTestCases.java:378)
... Removed 25 stack frames]]>
    </failure>
  </testcase> <!-- courseInProgress -->
  <testcase name="testBookMarking" time="4.022" classname="com.vc.test.SanityTestCases">
    <failure type="java.lang.AssertionError" message="Exit btn on course Not Found ">
      <![CDATA[java.lang.AssertionError: Exit btn on course Not Found 
	at com.vc.utility.WebAppCommon.waitForElementPresentByXpath(WebAppCommon.java:650)
	at com.vc.task.MyQueue.exitCourse(MyQueue.java:489)
	at com.vc.test.SanityTestCases.testBookMarking(SanityTestCases.java:391)
... Removed 25 stack frames]]>
    </failure>
  </testcase> <!-- testBookMarking -->
  <testcase name="testInProgressEntry" time="0.01" classname="com.vc.test.SanityTestCases">
    <failure type="java.lang.NullPointerException" message="null value in entry: name=null">
      <![CDATA[java.lang.NullPointerException: null value in entry: name=null
	at com.google.common.collect.CollectPreconditions.checkEntryNotNull(CollectPreconditions.java:33)
	at com.google.common.collect.SingletonImmutableBiMap.<init>(SingletonImmutableBiMap.java:39)
	at com.google.common.collect.ImmutableBiMap.of(ImmutableBiMap.java:57)
	at com.google.common.collect.ImmutableMap.of(ImmutableMap.java:80)
	at org.openqa.selenium.remote.RemoteWebDriver$RemoteTargetLocator.window(RemoteWebDriver.java:882)
	at com.vc.task.MyQueue.switchToOriginalWindow(MyQueue.java:628)
	at com.vc.test.SanityTestCases.testInProgressEntry(SanityTestCases.java:400)
... Removed 24 stack frames]]>
    </failure>
  </testcase> <!-- testInProgressEntry -->
  <testcase name="completeCourse" time="4.037" classname="com.vc.test.SanityTestCases">
    <failure type="java.lang.AssertionError" message="Module Completion Status Tab Not Found ">
      <![CDATA[java.lang.AssertionError: Module Completion Status Tab Not Found 
	at com.vc.utility.WebAppCommon.waitForElementPresentByXpath(WebAppCommon.java:650)
	at com.vc.utility.WebAppCommon.clickIdentifierXpath(WebAppCommon.java:451)
	at com.vc.task.MyQueue.clickMYQueue(MyQueue.java:27)
	at com.vc.test.SanityTestCases.completeCourse(SanityTestCases.java:413)
... Removed 25 stack frames]]>
    </failure>
  </testcase> <!-- completeCourse -->
  <testcase name="verifyCompletedCourse" time="0.01" classname="com.vc.test.SanityTestCases">
    <failure type="java.lang.NullPointerException" message="null value in entry: name=null">
      <![CDATA[java.lang.NullPointerException: null value in entry: name=null
	at com.google.common.collect.CollectPreconditions.checkEntryNotNull(CollectPreconditions.java:33)
	at com.google.common.collect.SingletonImmutableBiMap.<init>(SingletonImmutableBiMap.java:39)
	at com.google.common.collect.ImmutableBiMap.of(ImmutableBiMap.java:57)
	at com.google.common.collect.ImmutableMap.of(ImmutableMap.java:80)
	at org.openqa.selenium.remote.RemoteWebDriver$RemoteTargetLocator.window(RemoteWebDriver.java:882)
	at com.vc.task.MyQueue.switchToOriginalWindow(MyQueue.java:628)
	at com.vc.test.SanityTestCases.verifyCompletedCourse(SanityTestCases.java:431)
... Removed 24 stack frames]]>
    </failure>
  </testcase> <!-- verifyCompletedCourse -->
  <testcase name="SyncedDataFeature" time="4.024" classname="com.vc.test.SanityTestCases">
    <failure type="java.lang.AssertionError" message="Module Completion Status Tab Not Found ">
      <![CDATA[java.lang.AssertionError: Module Completion Status Tab Not Found 
	at com.vc.utility.WebAppCommon.waitForElementPresentByID(WebAppCommon.java:558)
	at com.vc.utility.WebAppCommon.clickIdentifierByID(WebAppCommon.java:528)
	at com.vc.task.VCPage.clickSyncData(VCPage.java:184)
	at com.vc.test.SanityTestCases.SyncedDataFeature(SanityTestCases.java:445)
... Removed 25 stack frames]]>
    </failure>
  </testcase> <!-- SyncedDataFeature -->
  <testcase name="SyncedDataValidation" time="6.013" classname="com.vc.test.SanityTestCases">
    <failure type="java.lang.AssertionError" message="Username Not Found ">
      <![CDATA[java.lang.AssertionError: Username Not Found 
	at com.vc.utility.WebAppCommon.waitForElementPresentByID(WebAppCommon.java:558)
	at com.vc.utility.WebAppCommon.typeTextById(WebAppCommon.java:681)
	at com.vc.task.VCPage.syncDataProcess(VCPage.java:259)
	at com.vc.test.SanityTestCases.SyncedDataValidation(SanityTestCases.java:458)
... Removed 25 stack frames]]>
    </failure>
  </testcase> <!-- SyncedDataValidation -->
  <testcase name="editSyncErrorUserName" time="4.012" classname="com.vc.test.SanityTestCases">
    <failure type="java.lang.AssertionError" message="Synced Error Tab Not Found ">
      <![CDATA[java.lang.AssertionError: Synced Error Tab Not Found 
	at com.vc.utility.WebAppCommon.waitForElementPresentByXpath(WebAppCommon.java:650)
	at com.vc.utility.WebAppCommon.clickIdentifierXpath(WebAppCommon.java:451)
	at com.vc.task.VCPage.editUserName(VCPage.java:1136)
	at com.vc.test.SanityTestCases.editSyncErrorUserName(SanityTestCases.java:478)
... Removed 25 stack frames]]>
    </failure>
  </testcase> <!-- editSyncErrorUserName -->
  <testcase name="SyncedDataValidationAfterSyncError" time="9.029" classname="com.vc.test.SanityTestCases">
    <failure type="java.lang.AssertionError" message="Module Completion Status Tab Not Found ">
      <![CDATA[java.lang.AssertionError: Module Completion Status Tab Not Found 
	at com.vc.utility.WebAppCommon.waitForElementPresentByID(WebAppCommon.java:558)
	at com.vc.utility.WebAppCommon.clickIdentifierByID(WebAppCommon.java:528)
	at com.vc.task.VCPage.clickSyncData(VCPage.java:184)
	at com.vc.test.SanityTestCases.SyncedDataValidationAfterSyncError(SanityTestCases.java:491)
... Removed 25 stack frames]]>
    </failure>
  </testcase> <!-- SyncedDataValidationAfterSyncError -->
  <testcase name="LogintoOnline" time="13.008" classname="com.vc.test.SanityTestCases"/>
  <testcase name="onlineVerificationofData" time="31.121" classname="com.vc.test.SanityTestCases">
    <failure type="java.lang.IndexOutOfBoundsException" message="Index: 0, Size: 0">
      <![CDATA[java.lang.IndexOutOfBoundsException: Index: 0, Size: 0
	at java.util.ArrayList.rangeCheck(Unknown Source)
	at java.util.ArrayList.get(Unknown Source)
	at com.vc.task.VCPage.checkOnlineSyncing(VCPage.java:1230)
	at com.vc.test.SanityTestCases.onlineVerificationofData(SanityTestCases.java:551)
... Removed 24 stack frames]]>
    </failure>
  </testcase> <!-- onlineVerificationofData -->
</testsuite> <!-- Virtual Catalyst -->
