<?xml version="1.0" encoding="UTF-8"?>
<!-- Generated by org.testng.reporters.JUnitReportReporter -->
<testsuite hostname="MUMW7L214" name="com.vc.test.MyQueueTest" tests="16" failures="0" timestamp="16 Dec 2016 09:12:43 GMT" time="178.727" errors="1">
  <testcase name="verifySearchFilter" time="2.216" classname="com.vc.test.MyQueueTest"/>
  <testcase name="verifyUserNameInfoWindow" time="5.548" classname="com.vc.test.MyQueueTest"/>
  <testcase name="verifyQueueHeaders" time="12.339" classname="com.vc.test.MyQueueTest"/>
  <testcase name="verifyLanguageHeader" time="1.189" classname="com.vc.test.MyQueueTest"/>
  <testcase name="verifyHeader" time="13.964" classname="com.vc.test.MyQueueTest"/>
  <testcase name="verifyToggleBtn" time="1.111" classname="com.vc.test.MyQueueTest"/>
  <testcase name="verifyModuleTitleOnImageView" time="5.230" classname="com.vc.test.MyQueueTest"/>
  <testcase name="verifyModID" time="5.445" classname="com.vc.test.MyQueueTest"/>
  <testcase name="verifyCourseDesc" time="15.547" classname="com.vc.test.MyQueueTest"/>
  <testcase name="userInfo" time="5.492" classname="com.vc.test.MyQueueTest"/>
  <testcase name="verifyModuleIDOnImageView" time="5.249" classname="com.vc.test.MyQueueTest"/>
  <testcase name="completeCourse" time="82.804" classname="com.vc.test.MyQueueTest"/>
  <testcase name="verifyModTitle" time="5.329" classname="com.vc.test.MyQueueTest"/>
  <testcase name="verifyModuleOverview" time="6.546" classname="com.vc.test.MyQueueTest">
    <error type="java.lang.AssertionError" message="The following asserts failed:
incorrect moduleID is present, incorrect module title is present">
      <![CDATA[java.lang.AssertionError: The following asserts failed:
incorrect moduleID is present, incorrect module title is present
	at org.testng.asserts.SoftAssert.assertAll(SoftAssert.java:38)
	at com.vc.task.MyQueue.checkForMouleOverviewPage(MyQueue.java:323)
	at com.vc.test.MyQueueTest.verifyModuleOverview(MyQueueTest.java:140)
	at sun.reflect.NativeMethodAccessorImpl.invoke0(Native Method)
	at sun.reflect.NativeMethodAccessorImpl.invoke(Unknown Source)
	at sun.reflect.DelegatingMethodAccessorImpl.invoke(Unknown Source)
	at java.lang.reflect.Method.invoke(Unknown Source)
	at org.testng.internal.MethodInvocationHelper.invokeMethod(MethodInvocationHelper.java:84)
	at org.testng.internal.Invoker.invokeMethod(Invoker.java:714)
	at org.testng.internal.Invoker.invokeTestMethod(Invoker.java:901)
	at org.testng.internal.Invoker.invokeTestMethods(Invoker.java:1231)
	at org.testng.internal.TestMethodWorker.invokeTestMethods(TestMethodWorker.java:127)
	at org.testng.internal.TestMethodWorker.run(TestMethodWorker.java:111)
	at org.testng.TestRunner.privateRun(TestRunner.java:767)
	at org.testng.TestRunner.run(TestRunner.java:617)
	at org.testng.SuiteRunner.runTest(SuiteRunner.java:334)
	at org.testng.SuiteRunner.runSequentially(SuiteRunner.java:329)
	at org.testng.SuiteRunner.privateRun(SuiteRunner.java:291)
	at org.testng.SuiteRunner.run(SuiteRunner.java:240)
	at org.testng.SuiteRunnerWorker.runSuite(SuiteRunnerWorker.java:52)
	at org.testng.SuiteRunnerWorker.run(SuiteRunnerWorker.java:86)
	at org.testng.TestNG.runSuitesSequentially(TestNG.java:1224)
	at org.testng.TestNG.runSuitesLocally(TestNG.java:1149)
	at org.testng.TestNG.run(TestNG.java:1057)
	at org.testng.remote.RemoteTestNG.run(RemoteTestNG.java:111)
	at org.testng.remote.RemoteTestNG.initAndRun(RemoteTestNG.java:204)
	at org.testng.remote.RemoteTestNG.main(RemoteTestNG.java:175)
]]>
    </error>
  </testcase> <!-- verifyModuleOverview -->
  <testcase name="verifyImageView" time="9.482" classname="com.vc.test.MyQueueTest"/>
  <testcase name="moduleClick" time="1.236" classname="com.vc.test.MyQueueTest"/>
</testsuite> <!-- com.vc.test.MyQueueTest -->
